<?xml version="1.0" encoding="UTF-8"?>
<testsuites name="STS002 - Login verification" time="768.724" tests="4" failures="4" errors="0">
   <testsuite name="STS002 - Login verification" tests="4" failures="4" errors="0" time="768.724" skipped="0" timestamp="2023-11-08 10:50:28" hostname="gkokabayeva - USORLGKOKABYE1.us.deloitte.com" id="Test Suites/Smoke Test Suites/STS002 - Login verification">
      <properties>
[...]
</properties>
      <testcase name="Test Cases/Reusable Test Cases/Login" time="107.232" classname="Test Cases/Reusable Test Cases/Login" status="FAILED">
         <failure type="FAILED" message="Test Cases/Reusable Test Cases/Login FAILED.&#xa;Reason:&#xa;com.kms.katalon.core.exception.StepFailedException: Unable to set text 'null' of object 'Object Repository/Page_ParaBank  Welcome  Online Banking/txtUsername' (Root cause: com.kms.katalon.core.exception.StepFailedException: Unable to set text 'null' of object 'Object Repository/Page_ParaBank  Welcome  Online Banking/txtUsername'&#xa;	at com.kms.katalon.core.webui.keyword.internal.WebUIKeywordMain.stepFailed(WebUIKeywordMain.groovy:64)&#xa;	at com.kms.katalon.core.webui.keyword.internal.WebUIKeywordMain.runKeyword(WebUIKeywordMain.groovy:26)&#xa;	at com.kms.katalon.core.webui.keyword.builtin.SetTextKeyword.setText(SetTextKeyword.groovy:66)&#xa;	at com.kms.katalon.core.webui.keyword.builtin.SetTextKeyword.execute(SetTextKeyword.groovy:37)&#xa;	at com.kms.katalon.core.keyword.internal.KeywordExecutor.executeKeywordForPlatform(KeywordExecutor.groovy:74)&#xa;	at com.kms.katalon.core.webui.keyword.WebUiBuiltInKeywords.setText(WebUiBuiltInKeywords.groovy:980)&#xa;	at Login.run(Login:22)&#xa;	at com.kms.katalon.core.main.ScriptEngine.run(ScriptEngine.java:194)&#xa;	at com.kms.katalon.core.main.ScriptEngine.runScriptAsRawText(ScriptEngine.java:119)&#xa;	at com.kms.katalon.core.main.TestCaseExecutor.runScript(TestCaseExecutor.java:448)&#xa;	at com.kms.katalon.core.main.TestCaseExecutor.doExecute(TestCaseExecutor.java:439)&#xa;	at com.kms.katalon.core.main.TestCaseExecutor.processExecutionPhase(TestCaseExecutor.java:418)&#xa;	at com.kms.katalon.core.main.TestCaseExecutor.accessMainPhase(TestCaseExecutor.java:410)&#xa;	at com.kms.katalon.core.main.TestCaseExecutor.execute(TestCaseExecutor.java:285)&#xa;	at com.kms.katalon.core.common.CommonExecutor.accessTestCaseMainPhase(CommonExecutor.java:65)&#xa;	at com.kms.katalon.core.main.TestSuiteExecutor.accessTestSuiteMainPhase(TestSuiteExecutor.java:148)&#xa;	at com.kms.katalon.core.main.TestSuiteExecutor.execute(TestSuiteExecutor.java:106)&#xa;	at com.kms.katalon.core.main.TestCaseMain.startTestSuite(TestCaseMain.java:187)&#xa;	at TempTestSuite1699458622452.run(TempTestSuite1699458622452.groovy:36)&#xa;	at java.base/jdk.internal.reflect.NativeMethodAccessorImpl.invoke0(Native Method)&#xa;	at java.base/jdk.internal.reflect.NativeMethodAccessorImpl.invoke(NativeMethodAccessorImpl.java:77)&#xa;	at java.base/jdk.internal.reflect.DelegatingMethodAccessorImpl.invoke(DelegatingMethodAccessorImpl.java:43)&#xa;Caused by: java.lang.IllegalArgumentException: Text is null&#xa;	at com.kms.katalon.core.webui.keyword.builtin.SetTextKeyword$_setText_closure1.doCall(SetTextKeyword.groovy:48)&#xa;	at com.kms.katalon.core.webui.keyword.builtin.SetTextKeyword$_setText_closure1.call(SetTextKeyword.groovy)&#xa;	at com.kms.katalon.core.webui.keyword.internal.WebUIKeywordMain.runKeyword(WebUIKeywordMain.groovy:20)&#xa;	at com.kms.katalon.core.webui.keyword.builtin.SetTextKeyword.setText(SetTextKeyword.groovy:66)&#xa;	at com.kms.katalon.core.webui.keyword.builtin.SetTextKeyword.execute(SetTextKeyword.groovy:37)&#xa;	at com.kms.katalon.core.keyword.internal.KeywordExecutor.executeKeywordForPlatform(KeywordExecutor.groovy:74)&#xa;	at com.kms.katalon.core.webui.keyword.WebUiBuiltInKeywords.setText(WebUiBuiltInKeywords.groovy:980)&#xa;	at Script1698671419553.run(Script1698671419553.groovy:22)&#xa;	... 15 more&#xa;)&#xa;	at com.kms.katalon.core.keyword.internal.KeywordMain.stepFailed(KeywordMain.groovy:39)&#xa;	at com.kms.katalon.core.webui.keyword.internal.WebUIKeywordMain.stepFailed(WebUIKeywordMain.groovy:64)&#xa;	at com.kms.katalon.core.webui.keyword.internal.WebUIKeywordMain.runKeyword(WebUIKeywordMain.groovy:26)&#xa;	at com.kms.katalon.core.webui.keyword.builtin.SetTextKeyword.setText(SetTextKeyword.groovy:66)&#xa;	at com.kms.katalon.core.webui.keyword.builtin.SetTextKeyword.execute(SetTextKeyword.groovy:37)&#xa;	at com.kms.katalon.core.keyword.internal.KeywordExecutor.executeKeywordForPlatform(KeywordExecutor.groovy:74)&#xa;	at com.kms.katalon.core.webui.keyword.WebUiBuiltInKeywords.setText(WebUiBuiltInKeywords.groovy:980)&#xa;	at Login.run(Login:22)&#xa;	at com.kms.katalon.core.main.ScriptEngine.run(ScriptEngine.java:194)&#xa;	at com.kms.katalon.core.main.ScriptEngine.runScriptAsRawText(ScriptEngine.java:119)&#xa;	at com.kms.katalon.core.main.TestCaseExecutor.runScript(TestCaseExecutor.java:448)&#xa;	at com.kms.katalon.core.main.TestCaseExecutor.doExecute(TestCaseExecutor.java:439)&#xa;	at com.kms.katalon.core.main.TestCaseExecutor.processExecutionPhase(TestCaseExecutor.java:418)&#xa;	at com.kms.katalon.core.main.TestCaseExecutor.accessMainPhase(TestCaseExecutor.java:410)&#xa;	at com.kms.katalon.core.main.TestCaseExecutor.execute(TestCaseExecutor.java:285)&#xa;	at com.kms.katalon.core.common.CommonExecutor.accessTestCaseMainPhase(CommonExecutor.java:65)&#xa;	at com.kms.katalon.core.main.TestSuiteExecutor.accessTestSuiteMainPhase(TestSuiteExecutor.java:148)&#xa;	at com.kms.katalon.core.main.TestSuiteExecutor.execute(TestSuiteExecutor.java:106)&#xa;	at com.kms.katalon.core.main.TestCaseMain.startTestSuite(TestCaseMain.java:187)&#xa;	at TempTestSuite1699458622452.run(TempTestSuite1699458622452.groovy:36)&#xa;	at java.base/jdk.internal.reflect.NativeMethodAccessorImpl.invoke0(Native Method)&#xa;	at java.base/jdk.internal.reflect.NativeMethodAccessorImpl.invoke(NativeMethodAccessorImpl.java:77)&#xa;	at java.base/jdk.internal.reflect.DelegatingMethodAccessorImpl.invoke(DelegatingMethodAccessorImpl.java:43)&#xa;Caused by: com.kms.katalon.core.exception.StepFailedException: Unable to set text 'null' of object 'Object Repository/Page_ParaBank  Welcome  Online Banking/txtUsername'&#xa;	... 22 more&#xa;Caused by: java.lang.IllegalArgumentException: Text is null&#xa;	at com.kms.katalon.core.webui.keyword.builtin.SetTextKeyword$_setText_closure1.doCall(SetTextKeyword.groovy:48)&#xa;	at com.kms.katalon.core.webui.keyword.builtin.SetTextKeyword$_setText_closure1.call(SetTextKeyword.groovy)&#xa;	at com.kms.katalon.core.webui.keyword.internal.WebUIKeywordMain.runKeyword(WebUIKeywordMain.groovy:20)&#xa;	... 20 more&#xa;"/>
         <system-out><![CDATA[2023-11-08 10:50:28 - [TEST_CASE][FAILED] - Test Cases/Reusable Test Cases/Login: Test Cases/Reusable Test Cases/Login FAILED.
Reason:
com.kms.katalon.core.exception.StepFailedException: Unable to set text 'null' of object 'Object Repository/Page_ParaBank  Welcome  Online Banking/txtUsername' (Root cause: com.kms.katalon.core.exception.StepFailedException: Unable to set text 'null' of object 'Object Repository/Page_ParaBank  Welcome  Online Banking/txtUsername'
	at com.kms.katalon.core.webui.keyword.internal.WebUIKeywordMain.stepFailed(WebUIKeywordMain.groovy:64)
	at com.kms.katalon.core.webui.keyword.internal.WebUIKeywordMain.runKeyword(WebUIKeywordMain.groovy:26)
	at com.kms.katalon.core.webui.keyword.builtin.SetTextKeyword.setText(SetTextKeyword.groovy:66)
	at com.kms.katalon.core.webui.keyword.builtin.SetTextKeyword.execute(SetTextKeyword.groovy:37)
	at com.kms.katalon.core.keyword.internal.KeywordExecutor.executeKeywordForPlatform(KeywordExecutor.groovy:74)
	at com.kms.katalon.core.webui.keyword.WebUiBuiltInKeywords.setText(WebUiBuiltInKeywords.groovy:980)
	at Login.run(Login:22)
	at com.kms.katalon.core.main.ScriptEngine.run(ScriptEngine.java:194)
	at com.kms.katalon.core.main.ScriptEngine.runScriptAsRawText(ScriptEngine.java:119)
	at com.kms.katalon.core.main.TestCaseExecutor.runScript(TestCaseExecutor.java:448)
	at com.kms.katalon.core.main.TestCaseExecutor.doExecute(TestCaseExecutor.java:439)
	at com.kms.katalon.core.main.TestCaseExecutor.processExecutionPhase(TestCaseExecutor.java:418)
	at com.kms.katalon.core.main.TestCaseExecutor.accessMainPhase(TestCaseExecutor.java:410)
	at com.kms.katalon.core.main.TestCaseExecutor.execute(TestCaseExecutor.java:285)
	at com.kms.katalon.core.common.CommonExecutor.accessTestCaseMainPhase(CommonExecutor.java:65)
	at com.kms.katalon.core.main.TestSuiteExecutor.accessTestSuiteMainPhase(TestSuiteExecutor.java:148)
	at com.kms.katalon.core.main.TestSuiteExecutor.execute(TestSuiteExecutor.java:106)
	at com.kms.katalon.core.main.TestCaseMain.startTestSuite(TestCaseMain.java:187)
	at TempTestSuite1699458622452.run(TempTestSuite1699458622452.groovy:36)
	at java.base/jdk.internal.reflect.NativeMethodAccessorImpl.invoke0(Native Method)
	at java.base/jdk.internal.reflect.NativeMethodAccessorImpl.invoke(NativeMethodAccessorImpl.java:77)
	at java.base/jdk.internal.reflect.DelegatingMethodAccessorImpl.invoke(DelegatingMethodAccessorImpl.java:43)
Caused by: java.lang.IllegalArgumentException: Text is null
	at com.kms.katalon.core.webui.keyword.builtin.SetTextKeyword$_setText_closure1.doCall(SetTextKeyword.groovy:48)
	at com.kms.katalon.core.webui.keyword.builtin.SetTextKeyword$_setText_closure1.call(SetTextKeyword.groovy)
	at com.kms.katalon.core.webui.keyword.internal.WebUIKeywordMain.runKeyword(WebUIKeywordMain.groovy:20)
	at com.kms.katalon.core.webui.keyword.builtin.SetTextKeyword.setText(SetTextKeyword.groovy:66)
	at com.kms.katalon.core.webui.keyword.builtin.SetTextKeyword.execute(SetTextKeyword.groovy:37)
	at com.kms.katalon.core.keyword.internal.KeywordExecutor.executeKeywordForPlatform(KeywordExecutor.groovy:74)
	at com.kms.katalon.core.webui.keyword.WebUiBuiltInKeywords.setText(WebUiBuiltInKeywords.groovy:980)
	at Script1698671419553.run(Script1698671419553.groovy:22)
	... 15 more
)
	at com.kms.katalon.core.keyword.internal.KeywordMain.stepFailed(KeywordMain.groovy:39)
	at com.kms.katalon.core.webui.keyword.internal.WebUIKeywordMain.stepFailed(WebUIKeywordMain.groovy:64)
	at com.kms.katalon.core.webui.keyword.internal.WebUIKeywordMain.runKeyword(WebUIKeywordMain.groovy:26)
	at com.kms.katalon.core.webui.keyword.builtin.SetTextKeyword.setText(SetTextKeyword.groovy:66)
	at com.kms.katalon.core.webui.keyword.builtin.SetTextKeyword.execute(SetTextKeyword.groovy:37)
	at com.kms.katalon.core.keyword.internal.KeywordExecutor.executeKeywordForPlatform(KeywordExecutor.groovy:74)
	at com.kms.katalon.core.webui.keyword.WebUiBuiltInKeywords.setText(WebUiBuiltInKeywords.groovy:980)
	at Login.run(Login:22)
	at com.kms.katalon.core.main.ScriptEngine.run(ScriptEngine.java:194)
	at com.kms.katalon.core.main.ScriptEngine.runScriptAsRawText(ScriptEngine.java:119)
	at com.kms.katalon.core.main.TestCaseExecutor.runScript(TestCaseExecutor.java:448)
	at com.kms.katalon.core.main.TestCaseExecutor.doExecute(TestCaseExecutor.java:439)
	at com.kms.katalon.core.main.TestCaseExecutor.processExecutionPhase(TestCaseExecutor.java:418)
	at com.kms.katalon.core.main.TestCaseExecutor.accessMainPhase(TestCaseExecutor.java:410)
	at com.kms.katalon.core.main.TestCaseExecutor.execute(TestCaseExecutor.java:285)
	at com.kms.katalon.core.common.CommonExecutor.accessTestCaseMainPhase(CommonExecutor.java:65)
	at com.kms.katalon.core.main.TestSuiteExecutor.accessTestSuiteMainPhase(TestSuiteExecutor.java:148)
	at com.kms.katalon.core.main.TestSuiteExecutor.execute(TestSuiteExecutor.java:106)
	at com.kms.katalon.core.main.TestCaseMain.startTestSuite(TestCaseMain.java:187)
	at TempTestSuite1699458622452.run(TempTestSuite1699458622452.groovy:36)
	at java.base/jdk.internal.reflect.NativeMethodAccessorImpl.invoke0(Native Method)
	at java.base/jdk.internal.reflect.NativeMethodAccessorImpl.invoke(NativeMethodAccessorImpl.java:77)
	at java.base/jdk.internal.reflect.DelegatingMethodAccessorImpl.invoke(DelegatingMethodAccessorImpl.java:43)
Caused by: com.kms.katalon.core.exception.StepFailedException: Unable to set text 'null' of object 'Object Repository/Page_ParaBank  Welcome  Online Banking/txtUsername'
	... 22 more
Caused by: java.lang.IllegalArgumentException: Text is null
	at com.kms.katalon.core.webui.keyword.builtin.SetTextKeyword$_setText_closure1.doCall(SetTextKeyword.groovy:48)
	at com.kms.katalon.core.webui.keyword.builtin.SetTextKeyword$_setText_closure1.call(SetTextKeyword.groovy)
	at com.kms.katalon.core.webui.keyword.internal.WebUIKeywordMain.runKeyword(WebUIKeywordMain.groovy:20)
	... 20 more


2023-11-08 10:50:29 - [TEST_STEP][PASSED] - callTestCase(findTestCase("Reusable Test Cases/Open the webapp"), [:], CONTINUE_ON_FAILURE): Call Test Case 'Test Cases/Reusable Test Cases/Open the webapp' successfully

2023-11-08 10:50:29 - [TEST_CASE][PASSED] - Test Cases/Reusable Test Cases/Open the webapp: Test Cases/Reusable Test Cases/Open the webapp

2023-11-08 10:50:29 - [TEST_STEP][PASSED] - openBrowser(URL): Browser is opened with url: 'null'

2023-11-08 10:50:29 - [MESSAGE][INFO] - Starting 'Chrome (headless)' driver

2023-11-08 10:50:29 - [MESSAGE][INFO] - User set preference: ['property', '--window-size=1500,1000']

2023-11-08 10:50:29 - [MESSAGE][INFO] - User set preference: ['PATH', 'C:\Users\GKOKABAYEVA\Documents\Katalon training\ffmpeg-6.0']

2023-11-08 10:50:29 - [MESSAGE][INFO] - Action delay is set to 0 milliseconds

2023-11-08 10:50:32 - [MESSAGE][WARNING] - FFmpeg was not installed! Browser Recording will be disabled. Please follow this document to install FFmpeg first: https://docs.katalon.com/katalon-studio/docs/screenshots-videos.html#browser-based-recorder

2023-11-08 10:50:32 - [MESSAGE][PASSED] - Browser is opened with url: 'null'

2023-11-08 10:50:32 - [TEST_STEP][PASSED] - maximizeWindow(): Current window maximized

2023-11-08 10:50:33 - [MESSAGE][PASSED] - Current window maximized

2023-11-08 10:50:33 - [MESSAGE][PASSED] - Call Test Case 'Test Cases/Reusable Test Cases/Open the webapp' successfully

2023-11-08 10:50:33 - [TEST_STEP][FAILED] - setText(findTestObject("Page_ParaBank  Welcome  Online Banking/txtUsername"), username): Unable to set text 'null' of object 'Object Repository/Page_ParaBank  Welcome  Online Banking/txtUsername' (Root cause: com.kms.katalon.core.exception.StepFailedException: Unable to set text 'null' of object 'Object Repository/Page_ParaBank  Welcome  Online Banking/txtUsername'
	at com.kms.katalon.core.webui.keyword.internal.WebUIKeywordMain.stepFailed(WebUIKeywordMain.groovy:64)
	at com.kms.katalon.core.webui.keyword.internal.WebUIKeywordMain.runKeyword(WebUIKeywordMain.groovy:26)
	at com.kms.katalon.core.webui.keyword.builtin.SetTextKeyword.setText(SetTextKeyword.groovy:66)
	at com.kms.katalon.core.webui.keyword.builtin.SetTextKeyword.execute(SetTextKeyword.groovy:37)
	at com.kms.katalon.core.keyword.internal.KeywordExecutor.executeKeywordForPlatform(KeywordExecutor.groovy:74)
	at com.kms.katalon.core.webui.keyword.WebUiBuiltInKeywords.setText(WebUiBuiltInKeywords.groovy:980)
	at Login.run(Login:22)
	at com.kms.katalon.core.main.ScriptEngine.run(ScriptEngine.java:194)
	at com.kms.katalon.core.main.ScriptEngine.runScriptAsRawText(ScriptEngine.java:119)
	at com.kms.katalon.core.main.TestCaseExecutor.runScript(TestCaseExecutor.java:448)
	at com.kms.katalon.core.main.TestCaseExecutor.doExecute(TestCaseExecutor.java:439)
	at com.kms.katalon.core.main.TestCaseExecutor.processExecutionPhase(TestCaseExecutor.java:418)
	at com.kms.katalon.core.main.TestCaseExecutor.accessMainPhase(TestCaseExecutor.java:410)
	at com.kms.katalon.core.main.TestCaseExecutor.execute(TestCaseExecutor.java:285)
	at com.kms.katalon.core.common.CommonExecutor.accessTestCaseMainPhase(CommonExecutor.java:65)
	at com.kms.katalon.core.main.TestSuiteExecutor.accessTestSuiteMainPhase(TestSuiteExecutor.java:148)
	at com.kms.katalon.core.main.TestSuiteExecutor.execute(TestSuiteExecutor.java:106)
	at com.kms.katalon.core.main.TestCaseMain.startTestSuite(TestCaseMain.java:187)
	at TempTestSuite1699458622452.run(TempTestSuite1699458622452.groovy:36)
	at java.base/jdk.internal.reflect.NativeMethodAccessorImpl.invoke0(Native Method)
	at java.base/jdk.internal.reflect.NativeMethodAccessorImpl.invoke(NativeMethodAccessorImpl.java:77)
	at java.base/jdk.internal.reflect.DelegatingMethodAccessorImpl.invoke(DelegatingMethodAccessorImpl.java:43)
Caused by: java.lang.IllegalArgumentException: Text is null
	at com.kms.katalon.core.webui.keyword.builtin.SetTextKeyword$_setText_closure1.doCall(SetTextKeyword.groovy:48)
	at com.kms.katalon.core.webui.keyword.builtin.SetTextKeyword$_setText_closure1.call(SetTextKeyword.groovy)
	at com.kms.katalon.core.webui.keyword.internal.WebUIKeywordMain.runKeyword(WebUIKeywordMain.groovy:20)
	at com.kms.katalon.core.webui.keyword.builtin.SetTextKeyword.setText(SetTextKeyword.groovy:66)
	at com.kms.katalon.core.webui.keyword.builtin.SetTextKeyword.execute(SetTextKeyword.groovy:37)
	at com.kms.katalon.core.keyword.internal.KeywordExecutor.executeKeywordForPlatform(KeywordExecutor.groovy:74)
	at com.kms.katalon.core.webui.keyword.WebUiBuiltInKeywords.setText(WebUiBuiltInKeywords.groovy:980)
	at Script1698671419553.run(Script1698671419553.groovy:22)
	... 15 more
)

2023-11-08 10:50:33 - [MESSAGE][FAILED] - Unable to set text 'null' of object 'Object Repository/Page_ParaBank  Welcome  Online Banking/txtUsername' (Root cause: com.kms.katalon.core.exception.StepFailedException: Unable to set text 'null' of object 'Object Repository/Page_ParaBank  Welcome  Online Banking/txtUsername'
	at com.kms.katalon.core.webui.keyword.internal.WebUIKeywordMain.stepFailed(WebUIKeywordMain.groovy:64)
	at com.kms.katalon.core.webui.keyword.internal.WebUIKeywordMain.runKeyword(WebUIKeywordMain.groovy:26)
	at com.kms.katalon.core.webui.keyword.builtin.SetTextKeyword.setText(SetTextKeyword.groovy:66)
	at com.kms.katalon.core.webui.keyword.builtin.SetTextKeyword.execute(SetTextKeyword.groovy:37)
	at com.kms.katalon.core.keyword.internal.KeywordExecutor.executeKeywordForPlatform(KeywordExecutor.groovy:74)
	at com.kms.katalon.core.webui.keyword.WebUiBuiltInKeywords.setText(WebUiBuiltInKeywords.groovy:980)
	at Login.run(Login:22)
	at com.kms.katalon.core.main.ScriptEngine.run(ScriptEngine.java:194)
	at com.kms.katalon.core.main.ScriptEngine.runScriptAsRawText(ScriptEngine.java:119)
	at com.kms.katalon.core.main.TestCaseExecutor.runScript(TestCaseExecutor.java:448)
	at com.kms.katalon.core.main.TestCaseExecutor.doExecute(TestCaseExecutor.java:439)
	at com.kms.katalon.core.main.TestCaseExecutor.processExecutionPhase(TestCaseExecutor.java:418)
	at com.kms.katalon.core.main.TestCaseExecutor.accessMainPhase(TestCaseExecutor.java:410)
	at com.kms.katalon.core.main.TestCaseExecutor.execute(TestCaseExecutor.java:285)
	at com.kms.katalon.core.common.CommonExecutor.accessTestCaseMainPhase(CommonExecutor.java:65)
	at com.kms.katalon.core.main.TestSuiteExecutor.accessTestSuiteMainPhase(TestSuiteExecutor.java:148)
	at com.kms.katalon.core.main.TestSuiteExecutor.execute(TestSuiteExecutor.java:106)
	at com.kms.katalon.core.main.TestCaseMain.startTestSuite(TestCaseMain.java:187)
	at TempTestSuite1699458622452.run(TempTestSuite1699458622452.groovy:36)
	at java.base/jdk.internal.reflect.NativeMethodAccessorImpl.invoke0(Native Method)
	at java.base/jdk.internal.reflect.NativeMethodAccessorImpl.invoke(NativeMethodAccessorImpl.java:77)
	at java.base/jdk.internal.reflect.DelegatingMethodAccessorImpl.invoke(DelegatingMethodAccessorImpl.java:43)
Caused by: java.lang.IllegalArgumentException: Text is null
	at com.kms.katalon.core.webui.keyword.builtin.SetTextKeyword$_setText_closure1.doCall(SetTextKeyword.groovy:48)
	at com.kms.katalon.core.webui.keyword.builtin.SetTextKeyword$_setText_closure1.call(SetTextKeyword.groovy)
	at com.kms.katalon.core.webui.keyword.internal.WebUIKeywordMain.runKeyword(WebUIKeywordMain.groovy:20)
	at com.kms.katalon.core.webui.keyword.builtin.SetTextKeyword.setText(SetTextKeyword.groovy:66)
	at com.kms.katalon.core.webui.keyword.builtin.SetTextKeyword.execute(SetTextKeyword.groovy:37)
	at com.kms.katalon.core.keyword.internal.KeywordExecutor.executeKeywordForPlatform(KeywordExecutor.groovy:74)
	at com.kms.katalon.core.webui.keyword.WebUiBuiltInKeywords.setText(WebUiBuiltInKeywords.groovy:980)
	at Script1698671419553.run(Script1698671419553.groovy:22)
	... 15 more
)
[[ATTACHMENT|C:\\Users\\GKOKABAYEVA\\Katalon Studio\\Parabank\\Reports\\20231108_105022\\Smoke Test Suites\\STS002 - Login verification\\20231108_105022\\1699458633160.png]]

2023-11-08 10:50:33 - [TEST_STEP][FAILED] - setText(findTestObject("Page_ParaBank  Welcome  Online Banking/txtPassword"), findTestData("InternalData").getValue("password", 1)): Unable to set text 'Password' of object 'Object Repository/Page_ParaBank  Welcome  Online Banking/txtPassword' (Root cause: com.kms.katalon.core.exception.StepFailedException: Unable to set text 'Password' of object 'Object Repository/Page_ParaBank  Welcome  Online Banking/txtPassword'
	at com.kms.katalon.core.webui.keyword.internal.WebUIKeywordMain.stepFailed(WebUIKeywordMain.groovy:64)
	at com.kms.katalon.core.webui.keyword.internal.WebUIKeywordMain.runKeyword(WebUIKeywordMain.groovy:26)
	at com.kms.katalon.core.webui.keyword.builtin.SetTextKeyword.setText(SetTextKeyword.groovy:66)
	at com.kms.katalon.core.webui.keyword.builtin.SetTextKeyword.execute(SetTextKeyword.groovy:37)
	at com.kms.katalon.core.keyword.internal.KeywordExecutor.executeKeywordForPlatform(KeywordExecutor.groovy:74)
	at com.kms.katalon.core.webui.keyword.WebUiBuiltInKeywords.setText(WebUiBuiltInKeywords.groovy:980)
	at Login.run(Login:24)
	at com.kms.katalon.core.main.ScriptEngine.run(ScriptEngine.java:194)
	at com.kms.katalon.core.main.ScriptEngine.runScriptAsRawText(ScriptEngine.java:119)
	at com.kms.katalon.core.main.TestCaseExecutor.runScript(TestCaseExecutor.java:448)
	at com.kms.katalon.core.main.TestCaseExecutor.doExecute(TestCaseExecutor.java:439)
	at com.kms.katalon.core.main.TestCaseExecutor.processExecutionPhase(TestCaseExecutor.java:418)
	at com.kms.katalon.core.main.TestCaseExecutor.accessMainPhase(TestCaseExecutor.java:410)
	at com.kms.katalon.core.main.TestCaseExecutor.execute(TestCaseExecutor.java:285)
	at com.kms.katalon.core.common.CommonExecutor.accessTestCaseMainPhase(CommonExecutor.java:65)
	at com.kms.katalon.core.main.TestSuiteExecutor.accessTestSuiteMainPhase(TestSuiteExecutor.java:148)
	at com.kms.katalon.core.main.TestSuiteExecutor.execute(TestSuiteExecutor.java:106)
	at com.kms.katalon.core.main.TestCaseMain.startTestSuite(TestCaseMain.java:187)
	at TempTestSuite1699458622452.run(TempTestSuite1699458622452.groovy:36)
	at java.base/jdk.internal.reflect.NativeMethodAccessorImpl.invoke0(Native Method)
	at java.base/jdk.internal.reflect.NativeMethodAccessorImpl.invoke(NativeMethodAccessorImpl.java:77)
	at java.base/jdk.internal.reflect.DelegatingMethodAccessorImpl.invoke(DelegatingMethodAccessorImpl.java:43)
Caused by: com.kms.katalon.core.webui.exception.WebElementNotFoundException: Web element with id: 'Object Repository/Page_ParaBank  Welcome  Online Banking/txtPassword' located by '//input[@name='password']' not found
	at com.kms.katalon.core.webui.common.WebUiCommonHelper.findWebElement(WebUiCommonHelper.java:1379)
	at com.kms.katalon.core.webui.keyword.internal.WebUIAbstractKeyword.findWebElement(WebUIAbstractKeyword.groovy:27)
	at com.kms.katalon.core.webui.keyword.internal.WebUIAbstractKeyword.findWebElement(WebUIAbstractKeyword.groovy:26)
	at com.kms.katalon.core.webui.keyword.builtin.SetTextKeyword$_setText_closure1.doCall(SetTextKeyword.groovy:51)
	at com.kms.katalon.core.webui.keyword.builtin.SetTextKeyword$_setText_closure1.call(SetTextKeyword.groovy)
	at com.kms.katalon.core.webui.keyword.internal.WebUIKeywordMain.runKeyword(WebUIKeywordMain.groovy:20)
	at com.kms.katalon.core.webui.keyword.builtin.SetTextKeyword.setText(SetTextKeyword.groovy:66)
	at com.kms.katalon.core.webui.keyword.builtin.SetTextKeyword.execute(SetTextKeyword.groovy:37)
	at com.kms.katalon.core.keyword.internal.KeywordExecutor.executeKeywordForPlatform(KeywordExecutor.groovy:74)
	at com.kms.katalon.core.webui.keyword.WebUiBuiltInKeywords.setText(WebUiBuiltInKeywords.groovy:980)
	at Script1698671419553.run(Script1698671419553.groovy:24)
	... 15 more
)

2023-11-08 10:51:04 - [MESSAGE][INFO] - Unable to find the element located by 'By.xpath: //input[@name='password']'. Please recheck the objects properties to make sure the desired element is located. 

2023-11-08 10:51:04 - [MESSAGE][WARNING] - [SELF-HEALING] Failed to find element with id 'Object Repository/Page_ParaBank  Welcome  Online Banking/txtPassword'. Try using Self-healing.

2023-11-08 10:51:04 - [MESSAGE][INFO] - [SELF-HEALING] Failed Locator: '//input[@name='password']'.

2023-11-08 10:51:04 - [MESSAGE][INFO] - [SELF-HEALING] Failed Locator: '//div[@id='loginPanel']/form/div[2]/input'.

2023-11-08 10:51:04 - [MESSAGE][INFO] - [SELF-HEALING] Failed Locator: '//div[2]/input'.

2023-11-08 10:51:04 - [MESSAGE][INFO] - [SELF-HEALING] Failed Locator: '//input[@type = 'password' and @name = 'password']'.

2023-11-08 10:51:04 - [MESSAGE][INFO] - [SELF-HEALING] Failed Locator: '//input[@name='password']'.

2023-11-08 10:51:04 - [MESSAGE][INFO] - [SELF-HEALING] Failed Locator: '//div[@id='loginPanel']/form/div[2]/input'.

2023-11-08 10:51:04 - [MESSAGE][INFO] - [SELF-HEALING] Failed Locator: '//div[2]/input'.

2023-11-08 10:51:04 - [MESSAGE][INFO] - [SELF-HEALING] Failed Locator: '//input[@type = 'password' and @name = 'password']'.

2023-11-08 10:51:04 - [MESSAGE][INFO] - [SELF-HEALING] Failed Locator: '//input[@name='password']'.

2023-11-08 10:51:04 - [MESSAGE][INFO] - [SELF-HEALING] Failed Locator: '//div[@id='loginPanel']/form/div[2]/input'.

2023-11-08 10:51:04 - [MESSAGE][INFO] - [SELF-HEALING] Failed Locator: '//div[2]/input'.

2023-11-08 10:51:04 - [MESSAGE][INFO] - [SELF-HEALING] Failed Locator: '//input[@type = 'password' and @name = 'password']'.

2023-11-08 10:51:04 - [MESSAGE][INFO] - [SELF-HEALING] Failed Locator: '//input[@name='password']'.

2023-11-08 10:51:04 - [MESSAGE][INFO] - [SELF-HEALING] Failed Locator: '//div[@id='loginPanel']/form/div[2]/input'.

2023-11-08 10:51:04 - [MESSAGE][INFO] - [SELF-HEALING] Failed Locator: '//div[2]/input'.

2023-11-08 10:51:04 - [MESSAGE][INFO] - [SELF-HEALING] Failed Locator: '//input[@type = 'password' and @name = 'password']'.

2023-11-08 10:51:04 - [MESSAGE][INFO] - [SELF-HEALING] Failed Locator: '//input[@name='password']'.

2023-11-08 10:51:04 - [MESSAGE][INFO] - [SELF-HEALING] Failed Locator: '//div[@id='loginPanel']/form/div[2]/input'.

2023-11-08 10:51:04 - [MESSAGE][INFO] - [SELF-HEALING] Failed Locator: '//div[2]/input'.

2023-11-08 10:51:04 - [MESSAGE][INFO] - [SELF-HEALING] Failed Locator: '//input[@type = 'password' and @name = 'password']'.

2023-11-08 10:51:04 - [MESSAGE][INFO] - [SELF-HEALING] Failed Locator: '//input[@name='password']'.

2023-11-08 10:51:04 - [MESSAGE][INFO] - [SELF-HEALING] Failed Locator: '//div[@id='loginPanel']/form/div[2]/input'.

2023-11-08 10:51:04 - [MESSAGE][INFO] - [SELF-HEALING] Failed Locator: '//div[2]/input'.

2023-11-08 10:51:04 - [MESSAGE][INFO] - [SELF-HEALING] Failed Locator: '//input[@type = 'password' and @name = 'password']'.

2023-11-08 10:51:04 - [MESSAGE][INFO] - [SELF-HEALING] Failed Locator: '//input[@name='password']'.

2023-11-08 10:51:04 - [MESSAGE][INFO] - [SELF-HEALING] Failed Locator: '//div[@id='loginPanel']/form/div[2]/input'.

2023-11-08 10:51:04 - [MESSAGE][INFO] - [SELF-HEALING] Failed Locator: '//div[2]/input'.

2023-11-08 10:51:04 - [MESSAGE][INFO] - [SELF-HEALING] Failed Locator: '//input[@type = 'password' and @name = 'password']'.

2023-11-08 10:51:04 - [MESSAGE][INFO] - [SELF-HEALING] Failed Locator: '//input[@name='password']'.

2023-11-08 10:51:04 - [MESSAGE][INFO] - [SELF-HEALING] Failed Locator: '//div[@id='loginPanel']/form/div[2]/input'.

2023-11-08 10:51:04 - [MESSAGE][INFO] - [SELF-HEALING] Failed Locator: '//div[2]/input'.

2023-11-08 10:51:04 - [MESSAGE][INFO] - [SELF-HEALING] Failed Locator: '//input[@type = 'password' and @name = 'password']'.

2023-11-08 10:51:04 - [MESSAGE][INFO] - [SELF-HEALING] Failed Locator: '//input[@name='password']'.

2023-11-08 10:51:04 - [MESSAGE][INFO] - [SELF-HEALING] Failed Locator: '//div[@id='loginPanel']/form/div[2]/input'.

2023-11-08 10:51:04 - [MESSAGE][INFO] - [SELF-HEALING] Failed Locator: '//div[2]/input'.

2023-11-08 10:51:04 - [MESSAGE][INFO] - [SELF-HEALING] Failed Locator: '//input[@type = 'password' and @name = 'password']'.

2023-11-08 10:51:05 - [MESSAGE][INFO] - [SELF-HEALING] Failed Locator: '//input[@name='password']'.

2023-11-08 10:51:05 - [MESSAGE][INFO] - [SELF-HEALING] Failed Locator: '//div[@id='loginPanel']/form/div[2]/input'.

2023-11-08 10:51:05 - [MESSAGE][INFO] - [SELF-HEALING] Failed Locator: '//div[2]/input'.

2023-11-08 10:51:05 - [MESSAGE][INFO] - [SELF-HEALING] Failed Locator: '//input[@type = 'password' and @name = 'password']'.

2023-11-08 10:51:05 - [MESSAGE][INFO] - [SELF-HEALING] Failed Locator: '//input[@name='password']'.

2023-11-08 10:51:05 - [MESSAGE][INFO] - [SELF-HEALING] Failed Locator: '//div[@id='loginPanel']/form/div[2]/input'.

2023-11-08 10:51:05 - [MESSAGE][INFO] - [SELF-HEALING] Failed Locator: '//div[2]/input'.

2023-11-08 10:51:05 - [MESSAGE][INFO] - [SELF-HEALING] Failed Locator: '//input[@type = 'password' and @name = 'password']'.

2023-11-08 10:51:05 - [MESSAGE][INFO] - [SELF-HEALING] Failed Locator: '//input[@name='password']'.

2023-11-08 10:51:05 - [MESSAGE][INFO] - [SELF-HEALING] Failed Locator: '//div[@id='loginPanel']/form/div[2]/input'.

2023-11-08 10:51:05 - [MESSAGE][INFO] - [SELF-HEALING] Failed Locator: '//div[2]/input'.

2023-11-08 10:51:05 - [MESSAGE][INFO] - [SELF-HEALING] Failed Locator: '//input[@type = 'password' and @name = 'password']'.

2023-11-08 10:51:05 - [MESSAGE][INFO] - [SELF-HEALING] Failed Locator: '//input[@name='password']'.

2023-11-08 10:51:05 - [MESSAGE][INFO] - [SELF-HEALING] Failed Locator: '//div[@id='loginPanel']/form/div[2]/input'.

2023-11-08 10:51:05 - [MESSAGE][INFO] - [SELF-HEALING] Failed Locator: '//div[2]/input'.

2023-11-08 10:51:05 - [MESSAGE][INFO] - [SELF-HEALING] Failed Locator: '//input[@type = 'password' and @name = 'password']'.

2023-11-08 10:51:05 - [MESSAGE][INFO] - [SELF-HEALING] Failed Locator: '//input[@name='password']'.

2023-11-08 10:51:05 - [MESSAGE][INFO] - [SELF-HEALING] Failed Locator: '//div[@id='loginPanel']/form/div[2]/input'.

2023-11-08 10:51:05 - [MESSAGE][INFO] - [SELF-HEALING] Failed Locator: '//div[2]/input'.

2023-11-08 10:51:05 - [MESSAGE][INFO] - [SELF-HEALING] Failed Locator: '//input[@type = 'password' and @name = 'password']'.

2023-11-08 10:51:05 - [MESSAGE][INFO] - [SELF-HEALING] Failed Locator: '//input[@name='password']'.

2023-11-08 10:51:05 - [MESSAGE][INFO] - [SELF-HEALING] Failed Locator: '//div[@id='loginPanel']/form/div[2]/input'.

2023-11-08 10:51:05 - [MESSAGE][INFO] - [SELF-HEALING] Failed Locator: '//div[2]/input'.

2023-11-08 10:51:05 - [MESSAGE][INFO] - [SELF-HEALING] Failed Locator: '//input[@type = 'password' and @name = 'password']'.

2023-11-08 10:51:06 - [MESSAGE][INFO] - Unable to find the element located by 'By.xpath: //*[@type = 'password' and @name = 'password']'. Please recheck the objects properties to make sure the desired element is located. 

2023-11-08 10:51:07 - [MESSAGE][INFO] - Unable to find the element located by 'By.cssSelector: input[name="password"]'. Please recheck the objects properties to make sure the desired element is located. 

2023-11-08 10:51:07 - [MESSAGE][FAILED] - Unable to set text 'Password' of object 'Object Repository/Page_ParaBank  Welcome  Online Banking/txtPassword' (Root cause: com.kms.katalon.core.exception.StepFailedException: Unable to set text 'Password' of object 'Object Repository/Page_ParaBank  Welcome  Online Banking/txtPassword'
	at com.kms.katalon.core.webui.keyword.internal.WebUIKeywordMain.stepFailed(WebUIKeywordMain.groovy:64)
	at com.kms.katalon.core.webui.keyword.internal.WebUIKeywordMain.runKeyword(WebUIKeywordMain.groovy:26)
	at com.kms.katalon.core.webui.keyword.builtin.SetTextKeyword.setText(SetTextKeyword.groovy:66)
	at com.kms.katalon.core.webui.keyword.builtin.SetTextKeyword.execute(SetTextKeyword.groovy:37)
	at com.kms.katalon.core.keyword.internal.KeywordExecutor.executeKeywordForPlatform(KeywordExecutor.groovy:74)
	at com.kms.katalon.core.webui.keyword.WebUiBuiltInKeywords.setText(WebUiBuiltInKeywords.groovy:980)
	at Login.run(Login:24)
	at com.kms.katalon.core.main.ScriptEngine.run(ScriptEngine.java:194)
	at com.kms.katalon.core.main.ScriptEngine.runScriptAsRawText(ScriptEngine.java:119)
	at com.kms.katalon.core.main.TestCaseExecutor.runScript(TestCaseExecutor.java:448)
	at com.kms.katalon.core.main.TestCaseExecutor.doExecute(TestCaseExecutor.java:439)
	at com.kms.katalon.core.main.TestCaseExecutor.processExecutionPhase(TestCaseExecutor.java:418)
	at com.kms.katalon.core.main.TestCaseExecutor.accessMainPhase(TestCaseExecutor.java:410)
	at com.kms.katalon.core.main.TestCaseExecutor.execute(TestCaseExecutor.java:285)
	at com.kms.katalon.core.common.CommonExecutor.accessTestCaseMainPhase(CommonExecutor.java:65)
	at com.kms.katalon.core.main.TestSuiteExecutor.accessTestSuiteMainPhase(TestSuiteExecutor.java:148)
	at com.kms.katalon.core.main.TestSuiteExecutor.execute(TestSuiteExecutor.java:106)
	at com.kms.katalon.core.main.TestCaseMain.startTestSuite(TestCaseMain.java:187)
	at TempTestSuite1699458622452.run(TempTestSuite1699458622452.groovy:36)
	at java.base/jdk.internal.reflect.NativeMethodAccessorImpl.invoke0(Native Method)
	at java.base/jdk.internal.reflect.NativeMethodAccessorImpl.invoke(NativeMethodAccessorImpl.java:77)
	at java.base/jdk.internal.reflect.DelegatingMethodAccessorImpl.invoke(DelegatingMethodAccessorImpl.java:43)
Caused by: com.kms.katalon.core.webui.exception.WebElementNotFoundException: Web element with id: 'Object Repository/Page_ParaBank  Welcome  Online Banking/txtPassword' located by '//input[@name='password']' not found
	at com.kms.katalon.core.webui.common.WebUiCommonHelper.findWebElement(WebUiCommonHelper.java:1379)
	at com.kms.katalon.core.webui.keyword.internal.WebUIAbstractKeyword.findWebElement(WebUIAbstractKeyword.groovy:27)
	at com.kms.katalon.core.webui.keyword.internal.WebUIAbstractKeyword.findWebElement(WebUIAbstractKeyword.groovy:26)
	at com.kms.katalon.core.webui.keyword.builtin.SetTextKeyword$_setText_closure1.doCall(SetTextKeyword.groovy:51)
	at com.kms.katalon.core.webui.keyword.builtin.SetTextKeyword$_setText_closure1.call(SetTextKeyword.groovy)
	at com.kms.katalon.core.webui.keyword.internal.WebUIKeywordMain.runKeyword(WebUIKeywordMain.groovy:20)
	at com.kms.katalon.core.webui.keyword.builtin.SetTextKeyword.setText(SetTextKeyword.groovy:66)
	at com.kms.katalon.core.webui.keyword.builtin.SetTextKeyword.execute(SetTextKeyword.groovy:37)
	at com.kms.katalon.core.keyword.internal.KeywordExecutor.executeKeywordForPlatform(KeywordExecutor.groovy:74)
	at com.kms.katalon.core.webui.keyword.WebUiBuiltInKeywords.setText(WebUiBuiltInKeywords.groovy:980)
	at Script1698671419553.run(Script1698671419553.groovy:24)
	... 15 more
)
[[ATTACHMENT|C:\\Users\\GKOKABAYEVA\\Katalon Studio\\Parabank\\Reports\\20231108_105022\\Smoke Test Suites\\STS002 - Login verification\\20231108_105022\\1699458667436.png]]

2023-11-08 10:51:07 - [TEST_STEP][FAILED] - click(findTestObject("Page_ParaBank  Welcome  Online Banking/btnLogin")): Unable to click on object 'Object Repository/Page_ParaBank  Welcome  Online Banking/btnLogin' (Root cause: com.kms.katalon.core.exception.StepFailedException: Unable to click on object 'Object Repository/Page_ParaBank  Welcome  Online Banking/btnLogin'
	at com.kms.katalon.core.webui.keyword.internal.WebUIKeywordMain.stepFailed(WebUIKeywordMain.groovy:64)
	at com.kms.katalon.core.webui.keyword.internal.WebUIKeywordMain.runKeyword(WebUIKeywordMain.groovy:26)
	at com.kms.katalon.core.webui.keyword.builtin.ClickKeyword.click(ClickKeyword.groovy:74)
	at com.kms.katalon.core.webui.keyword.builtin.ClickKeyword.execute(ClickKeyword.groovy:40)
	at com.kms.katalon.core.keyword.internal.KeywordExecutor.executeKeywordForPlatform(KeywordExecutor.groovy:74)
	at com.kms.katalon.core.webui.keyword.WebUiBuiltInKeywords.click(WebUiBuiltInKeywords.groovy:620)
	at Login.run(Login:27)
	at com.kms.katalon.core.main.ScriptEngine.run(ScriptEngine.java:194)
	at com.kms.katalon.core.main.ScriptEngine.runScriptAsRawText(ScriptEngine.java:119)
	at com.kms.katalon.core.main.TestCaseExecutor.runScript(TestCaseExecutor.java:448)
	at com.kms.katalon.core.main.TestCaseExecutor.doExecute(TestCaseExecutor.java:439)
	at com.kms.katalon.core.main.TestCaseExecutor.processExecutionPhase(TestCaseExecutor.java:418)
	at com.kms.katalon.core.main.TestCaseExecutor.accessMainPhase(TestCaseExecutor.java:410)
	at com.kms.katalon.core.main.TestCaseExecutor.execute(TestCaseExecutor.java:285)
	at com.kms.katalon.core.common.CommonExecutor.accessTestCaseMainPhase(CommonExecutor.java:65)
	at com.kms.katalon.core.main.TestSuiteExecutor.accessTestSuiteMainPhase(TestSuiteExecutor.java:148)
	at com.kms.katalon.core.main.TestSuiteExecutor.execute(TestSuiteExecutor.java:106)
	at com.kms.katalon.core.main.TestCaseMain.startTestSuite(TestCaseMain.java:187)
	at TempTestSuite1699458622452.run(TempTestSuite1699458622452.groovy:36)
	at java.base/jdk.internal.reflect.NativeMethodAccessorImpl.invoke0(Native Method)
	at java.base/jdk.internal.reflect.NativeMethodAccessorImpl.invoke(NativeMethodAccessorImpl.java:77)
	at java.base/jdk.internal.reflect.DelegatingMethodAccessorImpl.invoke(DelegatingMethodAccessorImpl.java:43)
Caused by: com.kms.katalon.core.webui.exception.WebElementNotFoundException: Web element with id: 'Object Repository/Page_ParaBank  Welcome  Online Banking/btnLogin' located by '//input[@value='Log In']' not found
	at com.kms.katalon.core.webui.common.WebUiCommonHelper.findWebElement(WebUiCommonHelper.java:1379)
	at com.kms.katalon.core.webui.keyword.internal.WebUIAbstractKeyword.findWebElement(WebUIAbstractKeyword.groovy:27)
	at com.kms.katalon.core.webui.keyword.builtin.ClickKeyword$_click_closure1.doCall(ClickKeyword.groovy:65)
	at com.kms.katalon.core.webui.keyword.builtin.ClickKeyword$_click_closure1.call(ClickKeyword.groovy)
	at com.kms.katalon.core.webui.keyword.internal.WebUIKeywordMain.runKeyword(WebUIKeywordMain.groovy:20)
	at com.kms.katalon.core.webui.keyword.builtin.ClickKeyword.click(ClickKeyword.groovy:74)
	at com.kms.katalon.core.webui.keyword.builtin.ClickKeyword.execute(ClickKeyword.groovy:40)
	at com.kms.katalon.core.keyword.internal.KeywordExecutor.executeKeywordForPlatform(KeywordExecutor.groovy:74)
	at com.kms.katalon.core.webui.keyword.WebUiBuiltInKeywords.click(WebUiBuiltInKeywords.groovy:620)
	at Script1698671419553.run(Script1698671419553.groovy:27)
	... 15 more
)

2023-11-08 10:51:38 - [MESSAGE][INFO] - Unable to find the element located by 'By.xpath: //input[@value='Log In']'. Please recheck the objects properties to make sure the desired element is located. 

2023-11-08 10:51:38 - [MESSAGE][WARNING] - [SELF-HEALING] Failed to find element with id 'Object Repository/Page_ParaBank  Welcome  Online Banking/btnLogin'. Try using Self-healing.

2023-11-08 10:51:38 - [MESSAGE][INFO] - [SELF-HEALING] Failed Locator: '//input[@value='Log In']'.

2023-11-08 10:51:38 - [MESSAGE][INFO] - [SELF-HEALING] Failed Locator: '//div[@id='loginPanel']/form/div[3]/input'.

2023-11-08 10:51:38 - [MESSAGE][INFO] - [SELF-HEALING] Failed Locator: '//div[3]/input'.

2023-11-08 10:51:38 - [MESSAGE][INFO] - [SELF-HEALING] Failed Locator: '//input[@type = 'submit']'.

2023-11-08 10:51:38 - [MESSAGE][INFO] - [SELF-HEALING] Failed Locator: '//input[@value='Log In']'.

2023-11-08 10:51:38 - [MESSAGE][INFO] - [SELF-HEALING] Failed Locator: '//div[@id='loginPanel']/form/div[3]/input'.

2023-11-08 10:51:38 - [MESSAGE][INFO] - [SELF-HEALING] Failed Locator: '//div[3]/input'.

2023-11-08 10:51:38 - [MESSAGE][INFO] - [SELF-HEALING] Failed Locator: '//input[@type = 'submit']'.

2023-11-08 10:51:38 - [MESSAGE][INFO] - [SELF-HEALING] Failed Locator: '//input[@value='Log In']'.

2023-11-08 10:51:38 - [MESSAGE][INFO] - [SELF-HEALING] Failed Locator: '//div[@id='loginPanel']/form/div[3]/input'.

2023-11-08 10:51:38 - [MESSAGE][INFO] - [SELF-HEALING] Failed Locator: '//div[3]/input'.

2023-11-08 10:51:38 - [MESSAGE][INFO] - [SELF-HEALING] Failed Locator: '//input[@type = 'submit']'.

2023-11-08 10:51:38 - [MESSAGE][INFO] - [SELF-HEALING] Failed Locator: '//input[@value='Log In']'.

2023-11-08 10:51:38 - [MESSAGE][INFO] - [SELF-HEALING] Failed Locator: '//div[@id='loginPanel']/form/div[3]/input'.

2023-11-08 10:51:38 - [MESSAGE][INFO] - [SELF-HEALING] Failed Locator: '//div[3]/input'.

2023-11-08 10:51:38 - [MESSAGE][INFO] - [SELF-HEALING] Failed Locator: '//input[@type = 'submit']'.

2023-11-08 10:51:38 - [MESSAGE][INFO] - [SELF-HEALING] Failed Locator: '//input[@value='Log In']'.

2023-11-08 10:51:38 - [MESSAGE][INFO] - [SELF-HEALING] Failed Locator: '//div[@id='loginPanel']/form/div[3]/input'.

2023-11-08 10:51:38 - [MESSAGE][INFO] - [SELF-HEALING] Failed Locator: '//div[3]/input'.

2023-11-08 10:51:38 - [MESSAGE][INFO] - [SELF-HEALING] Failed Locator: '//input[@type = 'submit']'.

2023-11-08 10:51:38 - [MESSAGE][INFO] - [SELF-HEALING] Failed Locator: '//input[@value='Log In']'.

2023-11-08 10:51:38 - [MESSAGE][INFO] - [SELF-HEALING] Failed Locator: '//div[@id='loginPanel']/form/div[3]/input'.

2023-11-08 10:51:38 - [MESSAGE][INFO] - [SELF-HEALING] Failed Locator: '//div[3]/input'.

2023-11-08 10:51:38 - [MESSAGE][INFO] - [SELF-HEALING] Failed Locator: '//input[@type = 'submit']'.

2023-11-08 10:51:38 - [MESSAGE][INFO] - [SELF-HEALING] Failed Locator: '//input[@value='Log In']'.

2023-11-08 10:51:38 - [MESSAGE][INFO] - [SELF-HEALING] Failed Locator: '//div[@id='loginPanel']/form/div[3]/input'.

2023-11-08 10:51:39 - [MESSAGE][INFO] - [SELF-HEALING] Failed Locator: '//div[3]/input'.

2023-11-08 10:51:39 - [MESSAGE][INFO] - [SELF-HEALING] Failed Locator: '//input[@type = 'submit']'.

2023-11-08 10:51:39 - [MESSAGE][INFO] - [SELF-HEALING] Failed Locator: '//input[@value='Log In']'.

2023-11-08 10:51:39 - [MESSAGE][INFO] - [SELF-HEALING] Failed Locator: '//div[@id='loginPanel']/form/div[3]/input'.

2023-11-08 10:51:39 - [MESSAGE][INFO] - [SELF-HEALING] Failed Locator: '//div[3]/input'.

2023-11-08 10:51:39 - [MESSAGE][INFO] - [SELF-HEALING] Failed Locator: '//input[@type = 'submit']'.

2023-11-08 10:51:39 - [MESSAGE][INFO] - [SELF-HEALING] Failed Locator: '//input[@value='Log In']'.

2023-11-08 10:51:39 - [MESSAGE][INFO] - [SELF-HEALING] Failed Locator: '//div[@id='loginPanel']/form/div[3]/input'.

2023-11-08 10:51:39 - [MESSAGE][INFO] - [SELF-HEALING] Failed Locator: '//div[3]/input'.

2023-11-08 10:51:39 - [MESSAGE][INFO] - [SELF-HEALING] Failed Locator: '//input[@type = 'submit']'.

2023-11-08 10:51:39 - [MESSAGE][INFO] - [SELF-HEALING] Failed Locator: '//input[@value='Log In']'.

2023-11-08 10:51:39 - [MESSAGE][INFO] - [SELF-HEALING] Failed Locator: '//div[@id='loginPanel']/form/div[3]/input'.

2023-11-08 10:51:39 - [MESSAGE][INFO] - [SELF-HEALING] Failed Locator: '//div[3]/input'.

2023-11-08 10:51:39 - [MESSAGE][INFO] - [SELF-HEALING] Failed Locator: '//input[@type = 'submit']'.

2023-11-08 10:51:39 - [MESSAGE][INFO] - [SELF-HEALING] Failed Locator: '//input[@value='Log In']'.

2023-11-08 10:51:39 - [MESSAGE][INFO] - [SELF-HEALING] Failed Locator: '//div[@id='loginPanel']/form/div[3]/input'.

2023-11-08 10:51:39 - [MESSAGE][INFO] - [SELF-HEALING] Failed Locator: '//div[3]/input'.

2023-11-08 10:51:39 - [MESSAGE][INFO] - [SELF-HEALING] Failed Locator: '//input[@type = 'submit']'.

2023-11-08 10:51:39 - [MESSAGE][INFO] - [SELF-HEALING] Failed Locator: '//input[@value='Log In']'.

2023-11-08 10:51:39 - [MESSAGE][INFO] - [SELF-HEALING] Failed Locator: '//div[@id='loginPanel']/form/div[3]/input'.

2023-11-08 10:51:39 - [MESSAGE][INFO] - [SELF-HEALING] Failed Locator: '//div[3]/input'.

2023-11-08 10:51:39 - [MESSAGE][INFO] - [SELF-HEALING] Failed Locator: '//input[@type = 'submit']'.

2023-11-08 10:51:39 - [MESSAGE][INFO] - [SELF-HEALING] Failed Locator: '//input[@value='Log In']'.

2023-11-08 10:51:39 - [MESSAGE][INFO] - [SELF-HEALING] Failed Locator: '//div[@id='loginPanel']/form/div[3]/input'.

2023-11-08 10:51:39 - [MESSAGE][INFO] - [SELF-HEALING] Failed Locator: '//div[3]/input'.

2023-11-08 10:51:39 - [MESSAGE][INFO] - [SELF-HEALING] Failed Locator: '//input[@type = 'submit']'.

2023-11-08 10:51:39 - [MESSAGE][INFO] - [SELF-HEALING] Failed Locator: '//input[@value='Log In']'.

2023-11-08 10:51:39 - [MESSAGE][INFO] - [SELF-HEALING] Failed Locator: '//div[@id='loginPanel']/form/div[3]/input'.

2023-11-08 10:51:39 - [MESSAGE][INFO] - [SELF-HEALING] Failed Locator: '//div[3]/input'.

2023-11-08 10:51:39 - [MESSAGE][INFO] - [SELF-HEALING] Failed Locator: '//input[@type = 'submit']'.

2023-11-08 10:51:39 - [MESSAGE][INFO] - [SELF-HEALING] Failed Locator: '//input[@value='Log In']'.

2023-11-08 10:51:39 - [MESSAGE][INFO] - [SELF-HEALING] Failed Locator: '//div[@id='loginPanel']/form/div[3]/input'.

2023-11-08 10:51:39 - [MESSAGE][INFO] - [SELF-HEALING] Failed Locator: '//div[3]/input'.

2023-11-08 10:51:39 - [MESSAGE][INFO] - [SELF-HEALING] Failed Locator: '//input[@type = 'submit']'.

2023-11-08 10:51:40 - [MESSAGE][INFO] - Unable to find the element located by 'By.xpath: //*[@type = 'submit']'. Please recheck the objects properties to make sure the desired element is located. 

2023-11-08 10:51:41 - [MESSAGE][INFO] - Unable to find the element located by 'By.cssSelector: input.button'. Please recheck the objects properties to make sure the desired element is located. 

2023-11-08 10:51:41 - [MESSAGE][FAILED] - Unable to click on object 'Object Repository/Page_ParaBank  Welcome  Online Banking/btnLogin' (Root cause: com.kms.katalon.core.exception.StepFailedException: Unable to click on object 'Object Repository/Page_ParaBank  Welcome  Online Banking/btnLogin'
	at com.kms.katalon.core.webui.keyword.internal.WebUIKeywordMain.stepFailed(WebUIKeywordMain.groovy:64)
	at com.kms.katalon.core.webui.keyword.internal.WebUIKeywordMain.runKeyword(WebUIKeywordMain.groovy:26)
	at com.kms.katalon.core.webui.keyword.builtin.ClickKeyword.click(ClickKeyword.groovy:74)
	at com.kms.katalon.core.webui.keyword.builtin.ClickKeyword.execute(ClickKeyword.groovy:40)
	at com.kms.katalon.core.keyword.internal.KeywordExecutor.executeKeywordForPlatform(KeywordExecutor.groovy:74)
	at com.kms.katalon.core.webui.keyword.WebUiBuiltInKeywords.click(WebUiBuiltInKeywords.groovy:620)
	at Login.run(Login:27)
	at com.kms.katalon.core.main.ScriptEngine.run(ScriptEngine.java:194)
	at com.kms.katalon.core.main.ScriptEngine.runScriptAsRawText(ScriptEngine.java:119)
	at com.kms.katalon.core.main.TestCaseExecutor.runScript(TestCaseExecutor.java:448)
	at com.kms.katalon.core.main.TestCaseExecutor.doExecute(TestCaseExecutor.java:439)
	at com.kms.katalon.core.main.TestCaseExecutor.processExecutionPhase(TestCaseExecutor.java:418)
	at com.kms.katalon.core.main.TestCaseExecutor.accessMainPhase(TestCaseExecutor.java:410)
	at com.kms.katalon.core.main.TestCaseExecutor.execute(TestCaseExecutor.java:285)
	at com.kms.katalon.core.common.CommonExecutor.accessTestCaseMainPhase(CommonExecutor.java:65)
	at com.kms.katalon.core.main.TestSuiteExecutor.accessTestSuiteMainPhase(TestSuiteExecutor.java:148)
	at com.kms.katalon.core.main.TestSuiteExecutor.execute(TestSuiteExecutor.java:106)
	at com.kms.katalon.core.main.TestCaseMain.startTestSuite(TestCaseMain.java:187)
	at TempTestSuite1699458622452.run(TempTestSuite1699458622452.groovy:36)
	at java.base/jdk.internal.reflect.NativeMethodAccessorImpl.invoke0(Native Method)
	at java.base/jdk.internal.reflect.NativeMethodAccessorImpl.invoke(NativeMethodAccessorImpl.java:77)
	at java.base/jdk.internal.reflect.DelegatingMethodAccessorImpl.invoke(DelegatingMethodAccessorImpl.java:43)
Caused by: com.kms.katalon.core.webui.exception.WebElementNotFoundException: Web element with id: 'Object Repository/Page_ParaBank  Welcome  Online Banking/btnLogin' located by '//input[@value='Log In']' not found
	at com.kms.katalon.core.webui.common.WebUiCommonHelper.findWebElement(WebUiCommonHelper.java:1379)
	at com.kms.katalon.core.webui.keyword.internal.WebUIAbstractKeyword.findWebElement(WebUIAbstractKeyword.groovy:27)
	at com.kms.katalon.core.webui.keyword.builtin.ClickKeyword$_click_closure1.doCall(ClickKeyword.groovy:65)
	at com.kms.katalon.core.webui.keyword.builtin.ClickKeyword$_click_closure1.call(ClickKeyword.groovy)
	at com.kms.katalon.core.webui.keyword.internal.WebUIKeywordMain.runKeyword(WebUIKeywordMain.groovy:20)
	at com.kms.katalon.core.webui.keyword.builtin.ClickKeyword.click(ClickKeyword.groovy:74)
	at com.kms.katalon.core.webui.keyword.builtin.ClickKeyword.execute(ClickKeyword.groovy:40)
	at com.kms.katalon.core.keyword.internal.KeywordExecutor.executeKeywordForPlatform(KeywordExecutor.groovy:74)
	at com.kms.katalon.core.webui.keyword.WebUiBuiltInKeywords.click(WebUiBuiltInKeywords.groovy:620)
	at Script1698671419553.run(Script1698671419553.groovy:27)
	... 15 more
)
[[ATTACHMENT|C:\\Users\\GKOKABAYEVA\\Katalon Studio\\Parabank\\Reports\\20231108_105022\\Smoke Test Suites\\STS002 - Login verification\\20231108_105022\\1699458701594.png]]

2023-11-08 10:51:41 - [TEST_STEP][FAILED] - verifyElementText(findTestObject("Page_ParaBank  Accounts Overview/h1AccountsOverview"), expectedAccountsOverviewText): com.kms.katalon.core.webui.exception.WebElementNotFoundException: Web element with id: 'Object Repository/Page_ParaBank  Accounts Overview/h1AccountsOverview' located by '//div[@id='rightPanel']/div/div/h1' not found (Root cause: com.kms.katalon.core.exception.StepFailedException: com.kms.katalon.core.webui.exception.WebElementNotFoundException: Web element with id: 'Object Repository/Page_ParaBank  Accounts Overview/h1AccountsOverview' located by '//div[@id='rightPanel']/div/div/h1' not found
	at com.kms.katalon.core.webui.keyword.internal.WebUIKeywordMain.stepFailed(WebUIKeywordMain.groovy:64)
	at com.kms.katalon.core.webui.keyword.builtin.VerifyElementTextKeyword$_verifyElementText_closure1.doCall(VerifyElementTextKeyword.groovy:64)
	at com.kms.katalon.core.webui.keyword.builtin.VerifyElementTextKeyword$_verifyElementText_closure1.call(VerifyElementTextKeyword.groovy)
	at com.kms.katalon.core.webui.keyword.internal.WebUIKeywordMain.runKeyword(WebUIKeywordMain.groovy:20)
	at com.kms.katalon.core.webui.keyword.builtin.VerifyElementTextKeyword.verifyElementText(VerifyElementTextKeyword.groovy:72)
	at com.kms.katalon.core.webui.keyword.builtin.VerifyElementTextKeyword.execute(VerifyElementTextKeyword.groovy:40)
	at com.kms.katalon.core.keyword.internal.KeywordExecutor.executeKeywordForPlatform(KeywordExecutor.groovy:74)
	at com.kms.katalon.core.webui.keyword.WebUiBuiltInKeywords.verifyElementText(WebUiBuiltInKeywords.groovy:4796)
	at Login.run(Login:29)
	at com.kms.katalon.core.main.ScriptEngine.run(ScriptEngine.java:194)
	at com.kms.katalon.core.main.ScriptEngine.runScriptAsRawText(ScriptEngine.java:119)
	at com.kms.katalon.core.main.TestCaseExecutor.runScript(TestCaseExecutor.java:448)
	at com.kms.katalon.core.main.TestCaseExecutor.doExecute(TestCaseExecutor.java:439)
	at com.kms.katalon.core.main.TestCaseExecutor.processExecutionPhase(TestCaseExecutor.java:418)
	at com.kms.katalon.core.main.TestCaseExecutor.accessMainPhase(TestCaseExecutor.java:410)
	at com.kms.katalon.core.main.TestCaseExecutor.execute(TestCaseExecutor.java:285)
	at com.kms.katalon.core.common.CommonExecutor.accessTestCaseMainPhase(CommonExecutor.java:65)
	at com.kms.katalon.core.main.TestSuiteExecutor.accessTestSuiteMainPhase(TestSuiteExecutor.java:148)
	at com.kms.katalon.core.main.TestSuiteExecutor.execute(TestSuiteExecutor.java:106)
	at com.kms.katalon.core.main.TestCaseMain.startTestSuite(TestCaseMain.java:187)
	at TempTestSuite1699458622452.run(TempTestSuite1699458622452.groovy:36)
	at java.base/jdk.internal.reflect.NativeMethodAccessorImpl.invoke0(Native Method)
	at java.base/jdk.internal.reflect.NativeMethodAccessorImpl.invoke(NativeMethodAccessorImpl.java:77)
	at java.base/jdk.internal.reflect.DelegatingMethodAccessorImpl.invoke(DelegatingMethodAccessorImpl.java:43)
)

2023-11-08 10:52:12 - [MESSAGE][INFO] - Unable to find the element located by 'By.xpath: //div[@id='rightPanel']/div/div/h1'. Please recheck the objects properties to make sure the desired element is located. 

2023-11-08 10:52:12 - [MESSAGE][WARNING] - [SELF-HEALING] Failed to find element with id 'Object Repository/Page_ParaBank  Accounts Overview/h1AccountsOverview'. Try using Self-healing.

2023-11-08 10:52:12 - [MESSAGE][INFO] - [SELF-HEALING] Failed Locator: '//div[@id='rightPanel']/div/div/h1'.

2023-11-08 10:52:12 - [MESSAGE][INFO] - [SELF-HEALING] Failed Locator: '//h1'.

2023-11-08 10:52:12 - [MESSAGE][INFO] - [SELF-HEALING] Failed Locator: '//h1[(text() = 'Accounts Overview' or . = 'Accounts Overview')]'.

2023-11-08 10:52:12 - [MESSAGE][INFO] - [SELF-HEALING] Failed Locator: '//div[@id='rightPanel']/div/div/h1'.

2023-11-08 10:52:12 - [MESSAGE][INFO] - [SELF-HEALING] Failed Locator: '//h1'.

2023-11-08 10:52:12 - [MESSAGE][INFO] - [SELF-HEALING] Failed Locator: '//h1[(text() = 'Accounts Overview' or . = 'Accounts Overview')]'.

2023-11-08 10:52:12 - [MESSAGE][INFO] - [SELF-HEALING] Failed Locator: '//div[@id='rightPanel']/div/div/h1'.

2023-11-08 10:52:12 - [MESSAGE][INFO] - [SELF-HEALING] Failed Locator: '//h1'.

2023-11-08 10:52:12 - [MESSAGE][INFO] - [SELF-HEALING] Failed Locator: '//h1[(text() = 'Accounts Overview' or . = 'Accounts Overview')]'.

2023-11-08 10:52:12 - [MESSAGE][INFO] - [SELF-HEALING] Failed Locator: '//div[@id='rightPanel']/div/div/h1'.

2023-11-08 10:52:12 - [MESSAGE][INFO] - [SELF-HEALING] Failed Locator: '//h1'.

2023-11-08 10:52:12 - [MESSAGE][INFO] - [SELF-HEALING] Failed Locator: '//h1[(text() = 'Accounts Overview' or . = 'Accounts Overview')]'.

2023-11-08 10:52:12 - [MESSAGE][INFO] - [SELF-HEALING] Failed Locator: '//div[@id='rightPanel']/div/div/h1'.

2023-11-08 10:52:12 - [MESSAGE][INFO] - [SELF-HEALING] Failed Locator: '//h1'.

2023-11-08 10:52:12 - [MESSAGE][INFO] - [SELF-HEALING] Failed Locator: '//h1[(text() = 'Accounts Overview' or . = 'Accounts Overview')]'.

2023-11-08 10:52:13 - [MESSAGE][INFO] - [SELF-HEALING] Failed Locator: '//div[@id='rightPanel']/div/div/h1'.

2023-11-08 10:52:13 - [MESSAGE][INFO] - [SELF-HEALING] Failed Locator: '//h1'.

2023-11-08 10:52:13 - [MESSAGE][INFO] - [SELF-HEALING] Failed Locator: '//h1[(text() = 'Accounts Overview' or . = 'Accounts Overview')]'.

2023-11-08 10:52:13 - [MESSAGE][INFO] - [SELF-HEALING] Failed Locator: '//div[@id='rightPanel']/div/div/h1'.

2023-11-08 10:52:13 - [MESSAGE][INFO] - [SELF-HEALING] Failed Locator: '//h1'.

2023-11-08 10:52:13 - [MESSAGE][INFO] - [SELF-HEALING] Failed Locator: '//h1[(text() = 'Accounts Overview' or . = 'Accounts Overview')]'.

2023-11-08 10:52:13 - [MESSAGE][INFO] - [SELF-HEALING] Failed Locator: '//div[@id='rightPanel']/div/div/h1'.

2023-11-08 10:52:13 - [MESSAGE][INFO] - [SELF-HEALING] Failed Locator: '//h1'.

2023-11-08 10:52:13 - [MESSAGE][INFO] - [SELF-HEALING] Failed Locator: '//h1[(text() = 'Accounts Overview' or . = 'Accounts Overview')]'.

2023-11-08 10:52:13 - [MESSAGE][INFO] - [SELF-HEALING] Failed Locator: '//div[@id='rightPanel']/div/div/h1'.

2023-11-08 10:52:13 - [MESSAGE][INFO] - [SELF-HEALING] Failed Locator: '//h1'.

2023-11-08 10:52:13 - [MESSAGE][INFO] - [SELF-HEALING] Failed Locator: '//h1[(text() = 'Accounts Overview' or . = 'Accounts Overview')]'.

2023-11-08 10:52:13 - [MESSAGE][INFO] - [SELF-HEALING] Failed Locator: '//div[@id='rightPanel']/div/div/h1'.

2023-11-08 10:52:13 - [MESSAGE][INFO] - [SELF-HEALING] Failed Locator: '//h1'.

2023-11-08 10:52:13 - [MESSAGE][INFO] - [SELF-HEALING] Failed Locator: '//h1[(text() = 'Accounts Overview' or . = 'Accounts Overview')]'.

2023-11-08 10:52:13 - [MESSAGE][INFO] - [SELF-HEALING] Failed Locator: '//div[@id='rightPanel']/div/div/h1'.

2023-11-08 10:52:13 - [MESSAGE][INFO] - [SELF-HEALING] Failed Locator: '//h1'.

2023-11-08 10:52:13 - [MESSAGE][INFO] - [SELF-HEALING] Failed Locator: '//h1[(text() = 'Accounts Overview' or . = 'Accounts Overview')]'.

2023-11-08 10:52:13 - [MESSAGE][INFO] - [SELF-HEALING] Failed Locator: '//div[@id='rightPanel']/div/div/h1'.

2023-11-08 10:52:13 - [MESSAGE][INFO] - [SELF-HEALING] Failed Locator: '//h1'.

2023-11-08 10:52:13 - [MESSAGE][INFO] - [SELF-HEALING] Failed Locator: '//h1[(text() = 'Accounts Overview' or . = 'Accounts Overview')]'.

2023-11-08 10:52:13 - [MESSAGE][INFO] - [SELF-HEALING] Failed Locator: '//div[@id='rightPanel']/div/div/h1'.

2023-11-08 10:52:13 - [MESSAGE][INFO] - [SELF-HEALING] Failed Locator: '//h1'.

2023-11-08 10:52:13 - [MESSAGE][INFO] - [SELF-HEALING] Failed Locator: '//h1[(text() = 'Accounts Overview' or . = 'Accounts Overview')]'.

2023-11-08 10:52:13 - [MESSAGE][INFO] - [SELF-HEALING] Failed Locator: '//div[@id='rightPanel']/div/div/h1'.

2023-11-08 10:52:13 - [MESSAGE][INFO] - [SELF-HEALING] Failed Locator: '//h1'.

2023-11-08 10:52:13 - [MESSAGE][INFO] - [SELF-HEALING] Failed Locator: '//h1[(text() = 'Accounts Overview' or . = 'Accounts Overview')]'.

2023-11-08 10:52:13 - [MESSAGE][INFO] - [SELF-HEALING] Failed Locator: '//div[@id='rightPanel']/div/div/h1'.

2023-11-08 10:52:13 - [MESSAGE][INFO] - [SELF-HEALING] Failed Locator: '//h1'.

2023-11-08 10:52:13 - [MESSAGE][INFO] - [SELF-HEALING] Failed Locator: '//h1[(text() = 'Accounts Overview' or . = 'Accounts Overview')]'.

2023-11-08 10:52:13 - [MESSAGE][INFO] - [SELF-HEALING] Failed Locator: '//div[@id='rightPanel']/div/div/h1'.

2023-11-08 10:52:13 - [MESSAGE][INFO] - [SELF-HEALING] Failed Locator: '//h1'.

2023-11-08 10:52:13 - [MESSAGE][INFO] - [SELF-HEALING] Failed Locator: '//h1[(text() = 'Accounts Overview' or . = 'Accounts Overview')]'.

2023-11-08 10:52:13 - [MESSAGE][INFO] - [SELF-HEALING] Failed Locator: '//div[@id='rightPanel']/div/div/h1'.

2023-11-08 10:52:13 - [MESSAGE][INFO] - [SELF-HEALING] Failed Locator: '//h1'.

2023-11-08 10:52:13 - [MESSAGE][INFO] - [SELF-HEALING] Failed Locator: '//h1[(text() = 'Accounts Overview' or . = 'Accounts Overview')]'.

2023-11-08 10:52:13 - [MESSAGE][INFO] - [SELF-HEALING] Failed Locator: '//div[@id='rightPanel']/div/div/h1'.

2023-11-08 10:52:13 - [MESSAGE][INFO] - [SELF-HEALING] Failed Locator: '//h1'.

2023-11-08 10:52:13 - [MESSAGE][INFO] - [SELF-HEALING] Failed Locator: '//h1[(text() = 'Accounts Overview' or . = 'Accounts Overview')]'.

2023-11-08 10:52:13 - [MESSAGE][INFO] - [SELF-HEALING] Failed Locator: '//div[@id='rightPanel']/div/div/h1'.

2023-11-08 10:52:13 - [MESSAGE][INFO] - [SELF-HEALING] Failed Locator: '//h1'.

2023-11-08 10:52:13 - [MESSAGE][INFO] - [SELF-HEALING] Failed Locator: '//h1[(text() = 'Accounts Overview' or . = 'Accounts Overview')]'.

2023-11-08 10:52:13 - [MESSAGE][INFO] - [SELF-HEALING] Failed Locator: '//div[@id='rightPanel']/div/div/h1'.

2023-11-08 10:52:13 - [MESSAGE][INFO] - [SELF-HEALING] Failed Locator: '//h1'.

2023-11-08 10:52:13 - [MESSAGE][INFO] - [SELF-HEALING] Failed Locator: '//h1[(text() = 'Accounts Overview' or . = 'Accounts Overview')]'.

2023-11-08 10:52:13 - [MESSAGE][INFO] - [SELF-HEALING] Failed Locator: '//div[@id='rightPanel']/div/div/h1'.

2023-11-08 10:52:13 - [MESSAGE][INFO] - [SELF-HEALING] Failed Locator: '//h1'.

2023-11-08 10:52:13 - [MESSAGE][INFO] - [SELF-HEALING] Failed Locator: '//h1[(text() = 'Accounts Overview' or . = 'Accounts Overview')]'.

2023-11-08 10:52:14 - [MESSAGE][INFO] - Unable to find the element located by 'By.xpath: //*[(text() = 'Accounts Overview' or . = 'Accounts Overview')]'. Please recheck the objects properties to make sure the desired element is located. 

2023-11-08 10:52:15 - [MESSAGE][INFO] - Unable to find the element located by 'By.cssSelector: h1.title'. Please recheck the objects properties to make sure the desired element is located. 

2023-11-08 10:52:15 - [MESSAGE][FAILED] - com.kms.katalon.core.webui.exception.WebElementNotFoundException: Web element with id: 'Object Repository/Page_ParaBank  Accounts Overview/h1AccountsOverview' located by '//div[@id='rightPanel']/div/div/h1' not found (Root cause: com.kms.katalon.core.exception.StepFailedException: com.kms.katalon.core.webui.exception.WebElementNotFoundException: Web element with id: 'Object Repository/Page_ParaBank  Accounts Overview/h1AccountsOverview' located by '//div[@id='rightPanel']/div/div/h1' not found
	at com.kms.katalon.core.webui.keyword.internal.WebUIKeywordMain.stepFailed(WebUIKeywordMain.groovy:64)
	at com.kms.katalon.core.webui.keyword.builtin.VerifyElementTextKeyword$_verifyElementText_closure1.doCall(VerifyElementTextKeyword.groovy:64)
	at com.kms.katalon.core.webui.keyword.builtin.VerifyElementTextKeyword$_verifyElementText_closure1.call(VerifyElementTextKeyword.groovy)
	at com.kms.katalon.core.webui.keyword.internal.WebUIKeywordMain.runKeyword(WebUIKeywordMain.groovy:20)
	at com.kms.katalon.core.webui.keyword.builtin.VerifyElementTextKeyword.verifyElementText(VerifyElementTextKeyword.groovy:72)
	at com.kms.katalon.core.webui.keyword.builtin.VerifyElementTextKeyword.execute(VerifyElementTextKeyword.groovy:40)
	at com.kms.katalon.core.keyword.internal.KeywordExecutor.executeKeywordForPlatform(KeywordExecutor.groovy:74)
	at com.kms.katalon.core.webui.keyword.WebUiBuiltInKeywords.verifyElementText(WebUiBuiltInKeywords.groovy:4796)
	at Login.run(Login:29)
	at com.kms.katalon.core.main.ScriptEngine.run(ScriptEngine.java:194)
	at com.kms.katalon.core.main.ScriptEngine.runScriptAsRawText(ScriptEngine.java:119)
	at com.kms.katalon.core.main.TestCaseExecutor.runScript(TestCaseExecutor.java:448)
	at com.kms.katalon.core.main.TestCaseExecutor.doExecute(TestCaseExecutor.java:439)
	at com.kms.katalon.core.main.TestCaseExecutor.processExecutionPhase(TestCaseExecutor.java:418)
	at com.kms.katalon.core.main.TestCaseExecutor.accessMainPhase(TestCaseExecutor.java:410)
	at com.kms.katalon.core.main.TestCaseExecutor.execute(TestCaseExecutor.java:285)
	at com.kms.katalon.core.common.CommonExecutor.accessTestCaseMainPhase(CommonExecutor.java:65)
	at com.kms.katalon.core.main.TestSuiteExecutor.accessTestSuiteMainPhase(TestSuiteExecutor.java:148)
	at com.kms.katalon.core.main.TestSuiteExecutor.execute(TestSuiteExecutor.java:106)
	at com.kms.katalon.core.main.TestCaseMain.startTestSuite(TestCaseMain.java:187)
	at TempTestSuite1699458622452.run(TempTestSuite1699458622452.groovy:36)
	at java.base/jdk.internal.reflect.NativeMethodAccessorImpl.invoke0(Native Method)
	at java.base/jdk.internal.reflect.NativeMethodAccessorImpl.invoke(NativeMethodAccessorImpl.java:77)
	at java.base/jdk.internal.reflect.DelegatingMethodAccessorImpl.invoke(DelegatingMethodAccessorImpl.java:43)
)
[[ATTACHMENT|C:\\Users\\GKOKABAYEVA\\Katalon Studio\\Parabank\\Reports\\20231108_105022\\Smoke Test Suites\\STS002 - Login verification\\20231108_105022\\1699458735799.png]]]]></system-out>
         <system-err><![CDATA[2023-11-08 10:50:28 - [TEST_CASE][FAILED] - Test Cases/Reusable Test Cases/Login: Test Cases/Reusable Test Cases/Login FAILED.
Reason:
com.kms.katalon.core.exception.StepFailedException: Unable to set text 'null' of object 'Object Repository/Page_ParaBank  Welcome  Online Banking/txtUsername' (Root cause: com.kms.katalon.core.exception.StepFailedException: Unable to set text 'null' of object 'Object Repository/Page_ParaBank  Welcome  Online Banking/txtUsername'
	at com.kms.katalon.core.webui.keyword.internal.WebUIKeywordMain.stepFailed(WebUIKeywordMain.groovy:64)
	at com.kms.katalon.core.webui.keyword.internal.WebUIKeywordMain.runKeyword(WebUIKeywordMain.groovy:26)
	at com.kms.katalon.core.webui.keyword.builtin.SetTextKeyword.setText(SetTextKeyword.groovy:66)
	at com.kms.katalon.core.webui.keyword.builtin.SetTextKeyword.execute(SetTextKeyword.groovy:37)
	at com.kms.katalon.core.keyword.internal.KeywordExecutor.executeKeywordForPlatform(KeywordExecutor.groovy:74)
	at com.kms.katalon.core.webui.keyword.WebUiBuiltInKeywords.setText(WebUiBuiltInKeywords.groovy:980)
	at Login.run(Login:22)
	at com.kms.katalon.core.main.ScriptEngine.run(ScriptEngine.java:194)
	at com.kms.katalon.core.main.ScriptEngine.runScriptAsRawText(ScriptEngine.java:119)
	at com.kms.katalon.core.main.TestCaseExecutor.runScript(TestCaseExecutor.java:448)
	at com.kms.katalon.core.main.TestCaseExecutor.doExecute(TestCaseExecutor.java:439)
	at com.kms.katalon.core.main.TestCaseExecutor.processExecutionPhase(TestCaseExecutor.java:418)
	at com.kms.katalon.core.main.TestCaseExecutor.accessMainPhase(TestCaseExecutor.java:410)
	at com.kms.katalon.core.main.TestCaseExecutor.execute(TestCaseExecutor.java:285)
	at com.kms.katalon.core.common.CommonExecutor.accessTestCaseMainPhase(CommonExecutor.java:65)
	at com.kms.katalon.core.main.TestSuiteExecutor.accessTestSuiteMainPhase(TestSuiteExecutor.java:148)
	at com.kms.katalon.core.main.TestSuiteExecutor.execute(TestSuiteExecutor.java:106)
	at com.kms.katalon.core.main.TestCaseMain.startTestSuite(TestCaseMain.java:187)
	at TempTestSuite1699458622452.run(TempTestSuite1699458622452.groovy:36)
	at java.base/jdk.internal.reflect.NativeMethodAccessorImpl.invoke0(Native Method)
	at java.base/jdk.internal.reflect.NativeMethodAccessorImpl.invoke(NativeMethodAccessorImpl.java:77)
	at java.base/jdk.internal.reflect.DelegatingMethodAccessorImpl.invoke(DelegatingMethodAccessorImpl.java:43)
Caused by: java.lang.IllegalArgumentException: Text is null
	at com.kms.katalon.core.webui.keyword.builtin.SetTextKeyword$_setText_closure1.doCall(SetTextKeyword.groovy:48)
	at com.kms.katalon.core.webui.keyword.builtin.SetTextKeyword$_setText_closure1.call(SetTextKeyword.groovy)
	at com.kms.katalon.core.webui.keyword.internal.WebUIKeywordMain.runKeyword(WebUIKeywordMain.groovy:20)
	at com.kms.katalon.core.webui.keyword.builtin.SetTextKeyword.setText(SetTextKeyword.groovy:66)
	at com.kms.katalon.core.webui.keyword.builtin.SetTextKeyword.execute(SetTextKeyword.groovy:37)
	at com.kms.katalon.core.keyword.internal.KeywordExecutor.executeKeywordForPlatform(KeywordExecutor.groovy:74)
	at com.kms.katalon.core.webui.keyword.WebUiBuiltInKeywords.setText(WebUiBuiltInKeywords.groovy:980)
	at Script1698671419553.run(Script1698671419553.groovy:22)
	... 15 more
)
	at com.kms.katalon.core.keyword.internal.KeywordMain.stepFailed(KeywordMain.groovy:39)
	at com.kms.katalon.core.webui.keyword.internal.WebUIKeywordMain.stepFailed(WebUIKeywordMain.groovy:64)
	at com.kms.katalon.core.webui.keyword.internal.WebUIKeywordMain.runKeyword(WebUIKeywordMain.groovy:26)
	at com.kms.katalon.core.webui.keyword.builtin.SetTextKeyword.setText(SetTextKeyword.groovy:66)
	at com.kms.katalon.core.webui.keyword.builtin.SetTextKeyword.execute(SetTextKeyword.groovy:37)
	at com.kms.katalon.core.keyword.internal.KeywordExecutor.executeKeywordForPlatform(KeywordExecutor.groovy:74)
	at com.kms.katalon.core.webui.keyword.WebUiBuiltInKeywords.setText(WebUiBuiltInKeywords.groovy:980)
	at Login.run(Login:22)
	at com.kms.katalon.core.main.ScriptEngine.run(ScriptEngine.java:194)
	at com.kms.katalon.core.main.ScriptEngine.runScriptAsRawText(ScriptEngine.java:119)
	at com.kms.katalon.core.main.TestCaseExecutor.runScript(TestCaseExecutor.java:448)
	at com.kms.katalon.core.main.TestCaseExecutor.doExecute(TestCaseExecutor.java:439)
	at com.kms.katalon.core.main.TestCaseExecutor.processExecutionPhase(TestCaseExecutor.java:418)
	at com.kms.katalon.core.main.TestCaseExecutor.accessMainPhase(TestCaseExecutor.java:410)
	at com.kms.katalon.core.main.TestCaseExecutor.execute(TestCaseExecutor.java:285)
	at com.kms.katalon.core.common.CommonExecutor.accessTestCaseMainPhase(CommonExecutor.java:65)
	at com.kms.katalon.core.main.TestSuiteExecutor.accessTestSuiteMainPhase(TestSuiteExecutor.java:148)
	at com.kms.katalon.core.main.TestSuiteExecutor.execute(TestSuiteExecutor.java:106)
	at com.kms.katalon.core.main.TestCaseMain.startTestSuite(TestCaseMain.java:187)
	at TempTestSuite1699458622452.run(TempTestSuite1699458622452.groovy:36)
	at java.base/jdk.internal.reflect.NativeMethodAccessorImpl.invoke0(Native Method)
	at java.base/jdk.internal.reflect.NativeMethodAccessorImpl.invoke(NativeMethodAccessorImpl.java:77)
	at java.base/jdk.internal.reflect.DelegatingMethodAccessorImpl.invoke(DelegatingMethodAccessorImpl.java:43)
Caused by: com.kms.katalon.core.exception.StepFailedException: Unable to set text 'null' of object 'Object Repository/Page_ParaBank  Welcome  Online Banking/txtUsername'
	... 22 more
Caused by: java.lang.IllegalArgumentException: Text is null
	at com.kms.katalon.core.webui.keyword.builtin.SetTextKeyword$_setText_closure1.doCall(SetTextKeyword.groovy:48)
	at com.kms.katalon.core.webui.keyword.builtin.SetTextKeyword$_setText_closure1.call(SetTextKeyword.groovy)
	at com.kms.katalon.core.webui.keyword.internal.WebUIKeywordMain.runKeyword(WebUIKeywordMain.groovy:20)
	... 20 more]]></system-err>
      </testcase>
      <testcase name="Test Cases/Main Test Cases/MTC003 - Forgot login" time="378.457" classname="Test Cases/Main Test Cases/MTC003 - Forgot login" status="FAILED">
         <failure type="FAILED" message="Test Cases/Main Test Cases/MTC003 - Forgot login FAILED.&#xa;Reason:&#xa;com.kms.katalon.core.exception.StepFailedException: Unable to click on object 'Object Repository/Page_ParaBank  Welcome  Online Banking/lkForgotLoginInfo' (Root cause: com.kms.katalon.core.exception.StepFailedException: Unable to click on object 'Object Repository/Page_ParaBank  Welcome  Online Banking/lkForgotLoginInfo'&#xa;	at com.kms.katalon.core.webui.keyword.internal.WebUIKeywordMain.stepFailed(WebUIKeywordMain.groovy:64)&#xa;	at com.kms.katalon.core.webui.keyword.internal.WebUIKeywordMain.runKeyword(WebUIKeywordMain.groovy:26)&#xa;	at com.kms.katalon.core.webui.keyword.builtin.ClickKeyword.click(ClickKeyword.groovy:74)&#xa;	at com.kms.katalon.core.webui.keyword.builtin.ClickKeyword.execute(ClickKeyword.groovy:40)&#xa;	at com.kms.katalon.core.keyword.internal.KeywordExecutor.executeKeywordForPlatform(KeywordExecutor.groovy:74)&#xa;	at com.kms.katalon.core.webui.keyword.WebUiBuiltInKeywords.click(WebUiBuiltInKeywords.groovy:620)&#xa;	at MTC003 - Forgot login.run(MTC003 - Forgot login:22)&#xa;	at com.kms.katalon.core.main.ScriptEngine.run(ScriptEngine.java:194)&#xa;	at com.kms.katalon.core.main.ScriptEngine.runScriptAsRawText(ScriptEngine.java:119)&#xa;	at com.kms.katalon.core.main.TestCaseExecutor.runScript(TestCaseExecutor.java:448)&#xa;	at com.kms.katalon.core.main.TestCaseExecutor.doExecute(TestCaseExecutor.java:439)&#xa;	at com.kms.katalon.core.main.TestCaseExecutor.processExecutionPhase(TestCaseExecutor.java:418)&#xa;	at com.kms.katalon.core.main.TestCaseExecutor.accessMainPhase(TestCaseExecutor.java:410)&#xa;	at com.kms.katalon.core.main.TestCaseExecutor.execute(TestCaseExecutor.java:285)&#xa;	at com.kms.katalon.core.common.CommonExecutor.accessTestCaseMainPhase(CommonExecutor.java:65)&#xa;	at com.kms.katalon.core.main.TestSuiteExecutor.accessTestSuiteMainPhase(TestSuiteExecutor.java:148)&#xa;	at com.kms.katalon.core.main.TestSuiteExecutor.execute(TestSuiteExecutor.java:106)&#xa;	at com.kms.katalon.core.main.TestCaseMain.startTestSuite(TestCaseMain.java:187)&#xa;	at TempTestSuite1699458622452.run(TempTestSuite1699458622452.groovy:36)&#xa;	at java.base/jdk.internal.reflect.NativeMethodAccessorImpl.invoke0(Native Method)&#xa;	at java.base/jdk.internal.reflect.NativeMethodAccessorImpl.invoke(NativeMethodAccessorImpl.java:77)&#xa;	at java.base/jdk.internal.reflect.DelegatingMethodAccessorImpl.invoke(DelegatingMethodAccessorImpl.java:43)&#xa;Caused by: com.kms.katalon.core.webui.exception.WebElementNotFoundException: Web element with id: 'Object Repository/Page_ParaBank  Welcome  Online Banking/lkForgotLoginInfo' located by '//div[@id='loginPanel']/p/a' not found&#xa;	at com.kms.katalon.core.webui.common.WebUiCommonHelper.findWebElement(WebUiCommonHelper.java:1379)&#xa;	at com.kms.katalon.core.webui.keyword.internal.WebUIAbstractKeyword.findWebElement(WebUIAbstractKeyword.groovy:27)&#xa;	at com.kms.katalon.core.webui.keyword.builtin.ClickKeyword$_click_closure1.doCall(ClickKeyword.groovy:65)&#xa;	at com.kms.katalon.core.webui.keyword.builtin.ClickKeyword$_click_closure1.call(ClickKeyword.groovy)&#xa;	at com.kms.katalon.core.webui.keyword.internal.WebUIKeywordMain.runKeyword(WebUIKeywordMain.groovy:20)&#xa;	at com.kms.katalon.core.webui.keyword.builtin.ClickKeyword.click(ClickKeyword.groovy:74)&#xa;	at com.kms.katalon.core.webui.keyword.builtin.ClickKeyword.execute(ClickKeyword.groovy:40)&#xa;	at com.kms.katalon.core.keyword.internal.KeywordExecutor.executeKeywordForPlatform(KeywordExecutor.groovy:74)&#xa;	at com.kms.katalon.core.webui.keyword.WebUiBuiltInKeywords.click(WebUiBuiltInKeywords.groovy:620)&#xa;	at Script1698861099852.run(Script1698861099852.groovy:22)&#xa;	... 15 more&#xa;)&#xa;	at com.kms.katalon.core.keyword.internal.KeywordMain.stepFailed(KeywordMain.groovy:39)&#xa;	at com.kms.katalon.core.webui.keyword.internal.WebUIKeywordMain.stepFailed(WebUIKeywordMain.groovy:64)&#xa;	at com.kms.katalon.core.webui.keyword.internal.WebUIKeywordMain.runKeyword(WebUIKeywordMain.groovy:26)&#xa;	at com.kms.katalon.core.webui.keyword.builtin.ClickKeyword.click(ClickKeyword.groovy:74)&#xa;	at com.kms.katalon.core.webui.keyword.builtin.ClickKeyword.execute(ClickKeyword.groovy:40)&#xa;	at com.kms.katalon.core.keyword.internal.KeywordExecutor.executeKeywordForPlatform(KeywordExecutor.groovy:74)&#xa;	at com.kms.katalon.core.webui.keyword.WebUiBuiltInKeywords.click(WebUiBuiltInKeywords.groovy:620)&#xa;	at MTC003 - Forgot login.run(MTC003 - Forgot login:22)&#xa;	at com.kms.katalon.core.main.ScriptEngine.run(ScriptEngine.java:194)&#xa;	at com.kms.katalon.core.main.ScriptEngine.runScriptAsRawText(ScriptEngine.java:119)&#xa;	at com.kms.katalon.core.main.TestCaseExecutor.runScript(TestCaseExecutor.java:448)&#xa;	at com.kms.katalon.core.main.TestCaseExecutor.doExecute(TestCaseExecutor.java:439)&#xa;	at com.kms.katalon.core.main.TestCaseExecutor.processExecutionPhase(TestCaseExecutor.java:418)&#xa;	at com.kms.katalon.core.main.TestCaseExecutor.accessMainPhase(TestCaseExecutor.java:410)&#xa;	at com.kms.katalon.core.main.TestCaseExecutor.execute(TestCaseExecutor.java:285)&#xa;	at com.kms.katalon.core.common.CommonExecutor.accessTestCaseMainPhase(CommonExecutor.java:65)&#xa;	at com.kms.katalon.core.main.TestSuiteExecutor.accessTestSuiteMainPhase(TestSuiteExecutor.java:148)&#xa;	at com.kms.katalon.core.main.TestSuiteExecutor.execute(TestSuiteExecutor.java:106)&#xa;	at com.kms.katalon.core.main.TestCaseMain.startTestSuite(TestCaseMain.java:187)&#xa;	at TempTestSuite1699458622452.run(TempTestSuite1699458622452.groovy:36)&#xa;	at java.base/jdk.internal.reflect.NativeMethodAccessorImpl.invoke0(Native Method)&#xa;	at java.base/jdk.internal.reflect.NativeMethodAccessorImpl.invoke(NativeMethodAccessorImpl.java:77)&#xa;	at java.base/jdk.internal.reflect.DelegatingMethodAccessorImpl.invoke(DelegatingMethodAccessorImpl.java:43)&#xa;Caused by: com.kms.katalon.core.exception.StepFailedException: Unable to click on object 'Object Repository/Page_ParaBank  Welcome  Online Banking/lkForgotLoginInfo'&#xa;	... 22 more&#xa;Caused by: com.kms.katalon.core.webui.exception.WebElementNotFoundException: Web element with id: 'Object Repository/Page_ParaBank  Welcome  Online Banking/lkForgotLoginInfo' located by '//div[@id='loginPanel']/p/a' not found&#xa;	at com.kms.katalon.core.webui.common.WebUiCommonHelper.findWebElement(WebUiCommonHelper.java:1379)&#xa;	at com.kms.katalon.core.webui.keyword.internal.WebUIAbstractKeyword.findWebElement(WebUIAbstractKeyword.groovy:27)&#xa;	at com.kms.katalon.core.webui.keyword.builtin.ClickKeyword$_click_closure1.doCall(ClickKeyword.groovy:65)&#xa;	at com.kms.katalon.core.webui.keyword.builtin.ClickKeyword$_click_closure1.call(ClickKeyword.groovy)&#xa;	at com.kms.katalon.core.webui.keyword.internal.WebUIKeywordMain.runKeyword(WebUIKeywordMain.groovy:20)&#xa;	... 20 more&#xa;"/>
         <system-out><![CDATA[2023-11-08 10:52:15 - [TEST_CASE][FAILED] - Test Cases/Main Test Cases/MTC003 - Forgot login: Test Cases/Main Test Cases/MTC003 - Forgot login FAILED.
Reason:
com.kms.katalon.core.exception.StepFailedException: Unable to click on object 'Object Repository/Page_ParaBank  Welcome  Online Banking/lkForgotLoginInfo' (Root cause: com.kms.katalon.core.exception.StepFailedException: Unable to click on object 'Object Repository/Page_ParaBank  Welcome  Online Banking/lkForgotLoginInfo'
	at com.kms.katalon.core.webui.keyword.internal.WebUIKeywordMain.stepFailed(WebUIKeywordMain.groovy:64)
	at com.kms.katalon.core.webui.keyword.internal.WebUIKeywordMain.runKeyword(WebUIKeywordMain.groovy:26)
	at com.kms.katalon.core.webui.keyword.builtin.ClickKeyword.click(ClickKeyword.groovy:74)
	at com.kms.katalon.core.webui.keyword.builtin.ClickKeyword.execute(ClickKeyword.groovy:40)
	at com.kms.katalon.core.keyword.internal.KeywordExecutor.executeKeywordForPlatform(KeywordExecutor.groovy:74)
	at com.kms.katalon.core.webui.keyword.WebUiBuiltInKeywords.click(WebUiBuiltInKeywords.groovy:620)
	at MTC003 - Forgot login.run(MTC003 - Forgot login:22)
	at com.kms.katalon.core.main.ScriptEngine.run(ScriptEngine.java:194)
	at com.kms.katalon.core.main.ScriptEngine.runScriptAsRawText(ScriptEngine.java:119)
	at com.kms.katalon.core.main.TestCaseExecutor.runScript(TestCaseExecutor.java:448)
	at com.kms.katalon.core.main.TestCaseExecutor.doExecute(TestCaseExecutor.java:439)
	at com.kms.katalon.core.main.TestCaseExecutor.processExecutionPhase(TestCaseExecutor.java:418)
	at com.kms.katalon.core.main.TestCaseExecutor.accessMainPhase(TestCaseExecutor.java:410)
	at com.kms.katalon.core.main.TestCaseExecutor.execute(TestCaseExecutor.java:285)
	at com.kms.katalon.core.common.CommonExecutor.accessTestCaseMainPhase(CommonExecutor.java:65)
	at com.kms.katalon.core.main.TestSuiteExecutor.accessTestSuiteMainPhase(TestSuiteExecutor.java:148)
	at com.kms.katalon.core.main.TestSuiteExecutor.execute(TestSuiteExecutor.java:106)
	at com.kms.katalon.core.main.TestCaseMain.startTestSuite(TestCaseMain.java:187)
	at TempTestSuite1699458622452.run(TempTestSuite1699458622452.groovy:36)
	at java.base/jdk.internal.reflect.NativeMethodAccessorImpl.invoke0(Native Method)
	at java.base/jdk.internal.reflect.NativeMethodAccessorImpl.invoke(NativeMethodAccessorImpl.java:77)
	at java.base/jdk.internal.reflect.DelegatingMethodAccessorImpl.invoke(DelegatingMethodAccessorImpl.java:43)
Caused by: com.kms.katalon.core.webui.exception.WebElementNotFoundException: Web element with id: 'Object Repository/Page_ParaBank  Welcome  Online Banking/lkForgotLoginInfo' located by '//div[@id='loginPanel']/p/a' not found
	at com.kms.katalon.core.webui.common.WebUiCommonHelper.findWebElement(WebUiCommonHelper.java:1379)
	at com.kms.katalon.core.webui.keyword.internal.WebUIAbstractKeyword.findWebElement(WebUIAbstractKeyword.groovy:27)
	at com.kms.katalon.core.webui.keyword.builtin.ClickKeyword$_click_closure1.doCall(ClickKeyword.groovy:65)
	at com.kms.katalon.core.webui.keyword.builtin.ClickKeyword$_click_closure1.call(ClickKeyword.groovy)
	at com.kms.katalon.core.webui.keyword.internal.WebUIKeywordMain.runKeyword(WebUIKeywordMain.groovy:20)
	at com.kms.katalon.core.webui.keyword.builtin.ClickKeyword.click(ClickKeyword.groovy:74)
	at com.kms.katalon.core.webui.keyword.builtin.ClickKeyword.execute(ClickKeyword.groovy:40)
	at com.kms.katalon.core.keyword.internal.KeywordExecutor.executeKeywordForPlatform(KeywordExecutor.groovy:74)
[...]
	at com.kms.katalon.core.keyword.internal.KeywordExecutor.executeKeywordForPlatform(KeywordExecutor.groovy:74)
	at com.kms.katalon.core.webui.keyword.WebUiBuiltInKeywords.setText(WebUiBuiltInKeywords.groovy:980)
	at Login.run(Login:22)
	at com.kms.katalon.core.main.ScriptEngine.run(ScriptEngine.java:194)
	at com.kms.katalon.core.main.ScriptEngine.runScriptAsRawText(ScriptEngine.java:119)
	at com.kms.katalon.core.main.TestCaseExecutor.runScript(TestCaseExecutor.java:448)
	at com.kms.katalon.core.main.TestCaseExecutor.doExecute(TestCaseExecutor.java:439)
	at com.kms.katalon.core.main.TestCaseExecutor.processExecutionPhase(TestCaseExecutor.java:418)
	at com.kms.katalon.core.main.TestCaseExecutor.accessMainPhase(TestCaseExecutor.java:410)
	at com.kms.katalon.core.main.TestCaseExecutor.execute(TestCaseExecutor.java:285)
	at com.kms.katalon.core.main.TestCaseMain.runTestCase(TestCaseMain.java:144)
	at com.kms.katalon.core.keyword.builtin.CallTestCaseKeyword$_callTestCase_closure1.doCall(CallTestCaseKeyword.groovy:59)
	at com.kms.katalon.core.keyword.builtin.CallTestCaseKeyword$_callTestCase_closure1.call(CallTestCaseKeyword.groovy)
	at com.kms.katalon.core.keyword.internal.KeywordMain.runKeyword(KeywordMain.groovy:75)
	at com.kms.katalon.core.keyword.builtin.CallTestCaseKeyword.callTestCase(CallTestCaseKeyword.groovy:81)
	at com.kms.katalon.core.keyword.builtin.CallTestCaseKeyword.execute(CallTestCaseKeyword.groovy:44)
	at com.kms.katalon.core.keyword.internal.KeywordExecutor.executeKeywordForPlatform(KeywordExecutor.groovy:74)
	at com.kms.katalon.core.keyword.BuiltinKeywords.callTestCase(BuiltinKeywords.groovy:310)
	at java.base/jdk.internal.reflect.NativeMethodAccessorImpl.invoke0(Native Method)
	at java.base/jdk.internal.reflect.NativeMethodAccessorImpl.invoke(NativeMethodAccessorImpl.java:77)
	at java.base/jdk.internal.reflect.DelegatingMethodAccessorImpl.invoke(DelegatingMethodAccessorImpl.java:43)
	at MTC016 - Logout.run(MTC016 - Logout:20)
	at com.kms.katalon.core.main.ScriptEngine.run(ScriptEngine.java:194)
	at com.kms.katalon.core.main.ScriptEngine.runScriptAsRawText(ScriptEngine.java:119)
	at com.kms.katalon.core.main.TestCaseExecutor.runScript(TestCaseExecutor.java:448)
	at com.kms.katalon.core.main.TestCaseExecutor.doExecute(TestCaseExecutor.java:439)
	at com.kms.katalon.core.main.TestCaseExecutor.processExecutionPhase(TestCaseExecutor.java:418)
	at com.kms.katalon.core.main.TestCaseExecutor.accessMainPhase(TestCaseExecutor.java:410)
	at com.kms.katalon.core.main.TestCaseExecutor.execute(TestCaseExecutor.java:285)
	at com.kms.katalon.core.common.CommonExecutor.accessTestCaseMainPhase(CommonExecutor.java:65)
	at com.kms.katalon.core.main.TestSuiteExecutor.accessTestSuiteMainPhase(TestSuiteExecutor.java:148)
	at com.kms.katalon.core.main.TestSuiteExecutor.execute(TestSuiteExecutor.java:106)
	at com.kms.katalon.core.main.TestCaseMain.startTestSuite(TestCaseMain.java:187)
	at TempTestSuite1699458622452.run(TempTestSuite1699458622452.groovy:36)
	at java.base/jdk.internal.reflect.NativeMethodAccessorImpl.invoke0(Native Method)
	at java.base/jdk.internal.reflect.NativeMethodAccessorImpl.invoke(NativeMethodAccessorImpl.java:77)
	at java.base/jdk.internal.reflect.DelegatingMethodAccessorImpl.invoke(DelegatingMethodAccessorImpl.java:43)
Caused by: java.lang.IllegalArgumentException: Text is null
	at com.kms.katalon.core.webui.keyword.builtin.SetTextKeyword$_setText_closure1.doCall(SetTextKeyword.groovy:48)
	at com.kms.katalon.core.webui.keyword.builtin.SetTextKeyword$_setText_closure1.call(SetTextKeyword.groovy)
	at com.kms.katalon.core.webui.keyword.internal.WebUIKeywordMain.runKeyword(WebUIKeywordMain.groovy:20)
	at com.kms.katalon.core.webui.keyword.builtin.SetTextKeyword.setText(SetTextKeyword.groovy:66)
	at com.kms.katalon.core.webui.keyword.builtin.SetTextKeyword.execute(SetTextKeyword.groovy:37)
	at com.kms.katalon.core.keyword.internal.KeywordExecutor.executeKeywordForPlatform(KeywordExecutor.groovy:74)
	at com.kms.katalon.core.webui.keyword.WebUiBuiltInKeywords.setText(WebUiBuiltInKeywords.groovy:980)
	at Script1698671419553.run(Script1698671419553.groovy:22)
	at com.kms.katalon.core.main.ScriptEngine.run(ScriptEngine.java:194)
	at com.kms.katalon.core.main.ScriptEngine.runScriptAsRawText(ScriptEngine.java:119)
	at com.kms.katalon.core.main.TestCaseExecutor.runScript(TestCaseExecutor.java:448)
	at com.kms.katalon.core.main.TestCaseExecutor.doExecute(TestCaseExecutor.java:439)
	at com.kms.katalon.core.main.TestCaseExecutor.processExecutionPhase(TestCaseExecutor.java:418)
	at com.kms.katalon.core.main.TestCaseExecutor.accessMainPhase(TestCaseExecutor.java:410)
	at com.kms.katalon.core.main.TestCaseExecutor.execute(TestCaseExecutor.java:285)
	at com.kms.katalon.core.main.TestCaseMain.runTestCase(TestCaseMain.java:144)
	at com.kms.katalon.core.keyword.builtin.CallTestCaseKeyword$_callTestCase_closure1.doCall(CallTestCaseKeyword.groovy:59)
	at com.kms.katalon.core.keyword.builtin.CallTestCaseKeyword$_callTestCase_closure1.call(CallTestCaseKeyword.groovy)
	at com.kms.katalon.core.keyword.internal.KeywordMain.runKeyword(KeywordMain.groovy:75)
	at com.kms.katalon.core.keyword.builtin.CallTestCaseKeyword.callTestCase(CallTestCaseKeyword.groovy:81)
	at com.kms.katalon.core.keyword.builtin.CallTestCaseKeyword.execute(CallTestCaseKeyword.groovy:44)
	at com.kms.katalon.core.keyword.internal.KeywordExecutor.executeKeywordForPlatform(KeywordExecutor.groovy:74)
	at com.kms.katalon.core.keyword.BuiltinKeywords.callTestCase(BuiltinKeywords.groovy:310)
	at java.base/jdk.internal.reflect.NativeMethodAccessorImpl.invoke0(Native Method)
	at java.base/jdk.internal.reflect.NativeMethodAccessorImpl.invoke(NativeMethodAccessorImpl.java:77)
	at java.base/jdk.internal.reflect.DelegatingMethodAccessorImpl.invoke(DelegatingMethodAccessorImpl.java:43)
	at Script1699035767811.run(Script1699035767811.groovy:20)
	... 15 more
)
	at com.kms.katalon.core.keyword.internal.KeywordMain.stepFailed(KeywordMain.groovy:39)
	at com.kms.katalon.core.webui.keyword.internal.WebUIKeywordMain.stepFailed(WebUIKeywordMain.groovy:64)
	at com.kms.katalon.core.webui.keyword.internal.WebUIKeywordMain.runKeyword(WebUIKeywordMain.groovy:26)
	at com.kms.katalon.core.webui.keyword.builtin.SetTextKeyword.setText(SetTextKeyword.groovy:66)
	at com.kms.katalon.core.webui.keyword.builtin.SetTextKeyword.execute(SetTextKeyword.groovy:37)
	at com.kms.katalon.core.keyword.internal.KeywordExecutor.executeKeywordForPlatform(KeywordExecutor.groovy:74)
	at com.kms.katalon.core.webui.keyword.WebUiBuiltInKeywords.setText(WebUiBuiltInKeywords.groovy:980)
	at Login.run(Login:22)
	at com.kms.katalon.core.main.ScriptEngine.run(ScriptEngine.java:194)
	at com.kms.katalon.core.main.ScriptEngine.runScriptAsRawText(ScriptEngine.java:119)
	at com.kms.katalon.core.main.TestCaseExecutor.runScript(TestCaseExecutor.java:448)
	at com.kms.katalon.core.main.TestCaseExecutor.doExecute(TestCaseExecutor.java:439)
	at com.kms.katalon.core.main.TestCaseExecutor.processExecutionPhase(TestCaseExecutor.java:418)
	at com.kms.katalon.core.main.TestCaseExecutor.accessMainPhase(TestCaseExecutor.java:410)
	at com.kms.katalon.core.main.TestCaseExecutor.execute(TestCaseExecutor.java:285)
	at com.kms.katalon.core.main.TestCaseMain.runTestCase(TestCaseMain.java:144)
	at com.kms.katalon.core.keyword.builtin.CallTestCaseKeyword$_callTestCase_closure1.doCall(CallTestCaseKeyword.groovy:59)
	... 25 more
Caused by: com.kms.katalon.core.exception.StepFailedException: Unable to set text 'null' of object 'Object Repository/Page_ParaBank  Welcome  Online Banking/txtUsername'
	... 41 more
Caused by: java.lang.IllegalArgumentException: Text is null
	at com.kms.katalon.core.webui.keyword.builtin.SetTextKeyword$_setText_closure1.doCall(SetTextKeyword.groovy:48)
	at com.kms.katalon.core.webui.keyword.builtin.SetTextKeyword$_setText_closure1.call(SetTextKeyword.groovy)
	at com.kms.katalon.core.webui.keyword.internal.WebUIKeywordMain.runKeyword(WebUIKeywordMain.groovy:20)
	... 39 more]]></system-err>
      </testcase>
      <system-out><![CDATA[2023-11-08 10:50:28 - [TEST_SUITE][FAILED] - STS002 - Login verification: Test Cases/Reusable Test Cases/Login FAILED.
Reason:
com.kms.katalon.core.exception.StepFailedException: Unable to set text 'null' of object 'Object Repository/Page_ParaBank  Welcome  Online Banking/txtUsername' (Root cause: com.kms.katalon.core.exception.StepFailedException: Unable to set text 'null' of object 'Object Repository/Page_ParaBank  Welcome  Online Banking/txtUsername'
	at com.kms.katalon.core.webui.keyword.internal.WebUIKeywordMain.stepFailed(WebUIKeywordMain.groovy:64)
	at com.kms.katalon.core.webui.keyword.internal.WebUIKeywordMain.runKeyword(WebUIKeywordMain.groovy:26)
	at com.kms.katalon.core.webui.keyword.builtin.SetTextKeyword.setText(SetTextKeyword.groovy:66)
	at com.kms.katalon.core.webui.keyword.builtin.SetTextKeyword.execute(SetTextKeyword.groovy:37)
	at com.kms.katalon.core.keyword.internal.KeywordExecutor.executeKeywordForPlatform(KeywordExecutor.groovy:74)
	at com.kms.katalon.core.webui.keyword.WebUiBuiltInKeywords.setText(WebUiBuiltInKeywords.groovy:980)
	at Login.run(Login:22)
	at com.kms.katalon.core.main.ScriptEngine.run(ScriptEngine.java:194)
	at com.kms.katalon.core.main.ScriptEngine.runScriptAsRawText(ScriptEngine.java:119)
	at com.kms.katalon.core.main.TestCaseExecutor.runScript(TestCaseExecutor.java:448)
	at com.kms.katalon.core.main.TestCaseExecutor.doExecute(TestCaseExecutor.java:439)
	at com.kms.katalon.core.main.TestCaseExecutor.processExecutionPhase(TestCaseExecutor.java:418)
	at com.kms.katalon.core.main.TestCaseExecutor.accessMainPhase(TestCaseExecutor.java:410)
	at com.kms.katalon.core.main.TestCaseExecutor.execute(TestCaseExecutor.java:285)
	at com.kms.katalon.core.common.CommonExecutor.accessTestCaseMainPhase(CommonExecutor.java:65)
	at com.kms.katalon.core.main.TestSuiteExecutor.accessTestSuiteMainPhase(TestSuiteExecutor.java:148)
	at com.kms.katalon.core.main.TestSuiteExecutor.execute(TestSuiteExecutor.java:106)
	at com.kms.katalon.core.main.TestCaseMain.startTestSuite(TestCaseMain.java:187)
	at TempTestSuite1699458622452.run(TempTestSuite1699458622452.groovy:36)
	at java.base/jdk.internal.reflect.NativeMethodAccessorImpl.invoke0(Native Method)
	at java.base/jdk.internal.reflect.NativeMethodAccessorImpl.invoke(NativeMethodAccessorImpl.java:77)
	at java.base/jdk.internal.reflect.DelegatingMethodAccessorImpl.invoke(DelegatingMethodAccessorImpl.java:43)
Caused by: java.lang.IllegalArgumentException: Text is null
	at com.kms.katalon.core.webui.keyword.builtin.SetTextKeyword$_setText_closure1.doCall(SetTextKeyword.groovy:48)
	at com.kms.katalon.core.webui.keyword.builtin.SetTextKeyword$_setText_closure1.call(SetTextKeyword.groovy)
	at com.kms.katalon.core.webui.keyword.internal.WebUIKeywordMain.runKeyword(WebUIKeywordMain.groovy:20)
	at com.kms.katalon.core.webui.keyword.builtin.SetTextKeyword.setText(SetTextKeyword.groovy:66)
	at com.kms.katalon.core.webui.keyword.builtin.SetTextKeyword.execute(SetTextKeyword.groovy:37)
	at com.kms.katalon.core.keyword.internal.KeywordExecutor.executeKeywordForPlatform(KeywordExecutor.groovy:74)
	at com.kms.katalon.core.webui.keyword.WebUiBuiltInKeywords.setText(WebUiBuiltInKeywords.groovy:980)
	at Script1698671419553.run(Script1698671419553.groovy:22)
	... 15 more
)
	at com.kms.katalon.core.keyword.internal.KeywordMain.stepFailed(KeywordMain.groovy:39)
	at com.kms.katalon.core.webui.keyword.internal.WebUIKeywordMain.stepFailed(WebUIKeywordMain.groovy:64)
	at com.kms.katalon.core.webui.keyword.internal.WebUIKeywordMain.runKeyword(WebUIKeywordMain.groovy:26)
	at com.kms.katalon.core.webui.keyword.builtin.SetTextKeyword.setText(SetTextKeyword.groovy:66)
	at com.kms.katalon.core.webui.keyword.builtin.SetTextKeyword.execute(SetTextKeyword.groovy:37)
	at com.kms.katalon.core.keyword.internal.KeywordExecutor.executeKeywordForPlatform(KeywordExecutor.groovy:74)
	at com.kms.katalon.core.webui.keyword.WebUiBuiltInKeywords.setText(WebUiBuiltInKeywords.groovy:980)
	at Login.run(Login:22)
	at com.kms.katalon.core.main.ScriptEngine.run(ScriptEngine.java:194)
	at com.kms.katalon.core.main.ScriptEngine.runScriptAsRawText(ScriptEngine.java:119)
	at com.kms.katalon.core.main.TestCaseExecutor.runScript(TestCaseExecutor.java:448)
	at com.kms.katalon.core.main.TestCaseExecutor.doExecute(TestCaseExecutor.java:439)
	at com.kms.katalon.core.main.TestCaseExecutor.processExecutionPhase(TestCaseExecutor.java:418)
	at com.kms.katalon.core.main.TestCaseExecutor.accessMainPhase(TestCaseExecutor.java:410)
	at com.kms.katalon.core.main.TestCaseExecutor.execute(TestCaseExecutor.java:285)
	at com.kms.katalon.core.common.CommonExecutor.accessTestCaseMainPhase(CommonExecutor.java:65)
	at com.kms.katalon.core.main.TestSuiteExecutor.accessTestSuiteMainPhase(TestSuiteExecutor.java:148)
	at com.kms.katalon.core.main.TestSuiteExecutor.execute(TestSuiteExecutor.java:106)
	at com.kms.katalon.core.main.TestCaseMain.startTestSuite(TestCaseMain.java:187)
	at TempTestSuite1699458622452.run(TempTestSuite1699458622452.groovy:36)
	at java.base/jdk.internal.reflect.NativeMethodAccessorImpl.invoke0(Native Method)
	at java.base/jdk.internal.reflect.NativeMethodAccessorImpl.invoke(NativeMethodAccessorImpl.java:77)
	at java.base/jdk.internal.reflect.DelegatingMethodAccessorImpl.invoke(DelegatingMethodAccessorImpl.java:43)
Caused by: com.kms.katalon.core.exception.StepFailedException: Unable to set text 'null' of object 'Object Repository/Page_ParaBank  Welcome  Online Banking/txtUsername'
	... 22 more
Caused by: java.lang.IllegalArgumentException: Text is null
	at com.kms.katalon.core.webui.keyword.builtin.SetTextKeyword$_setText_closure1.doCall(SetTextKeyword.groovy:48)
	at com.kms.katalon.core.webui.keyword.builtin.SetTextKeyword$_setText_closure1.call(SetTextKeyword.groovy)
	at com.kms.katalon.core.webui.keyword.internal.WebUIKeywordMain.runKeyword(WebUIKeywordMain.groovy:20)
	... 20 more]]></system-out>
      <system-err><![CDATA[2023-11-08 10:50:28 - [TEST_SUITE][FAILED] - STS002 - Login verification: Test Cases/Reusable Test Cases/Login FAILED.
Reason:
com.kms.katalon.core.exception.StepFailedException: Unable to set text 'null' of object 'Object Repository/Page_ParaBank  Welcome  Online Banking/txtUsername' (Root cause: com.kms.katalon.core.exception.StepFailedException: Unable to set text 'null' of object 'Object Repository/Page_ParaBank  Welcome  Online Banking/txtUsername'
	at com.kms.katalon.core.webui.keyword.internal.WebUIKeywordMain.stepFailed(WebUIKeywordMain.groovy:64)
	at com.kms.katalon.core.webui.keyword.internal.WebUIKeywordMain.runKeyword(WebUIKeywordMain.groovy:26)
	at com.kms.katalon.core.webui.keyword.builtin.SetTextKeyword.setText(SetTextKeyword.groovy:66)
	at com.kms.katalon.core.webui.keyword.builtin.SetTextKeyword.execute(SetTextKeyword.groovy:37)
	at com.kms.katalon.core.keyword.internal.KeywordExecutor.executeKeywordForPlatform(KeywordExecutor.groovy:74)
	at com.kms.katalon.core.webui.keyword.WebUiBuiltInKeywords.setText(WebUiBuiltInKeywords.groovy:980)
	at Login.run(Login:22)
	at com.kms.katalon.core.main.ScriptEngine.run(ScriptEngine.java:194)
	at com.kms.katalon.core.main.ScriptEngine.runScriptAsRawText(ScriptEngine.java:119)
	at com.kms.katalon.core.main.TestCaseExecutor.runScript(TestCaseExecutor.java:448)
	at com.kms.katalon.core.main.TestCaseExecutor.doExecute(TestCaseExecutor.java:439)
	at com.kms.katalon.core.main.TestCaseExecutor.processExecutionPhase(TestCaseExecutor.java:418)
	at com.kms.katalon.core.main.TestCaseExecutor.accessMainPhase(TestCaseExecutor.java:410)
	at com.kms.katalon.core.main.TestCaseExecutor.execute(TestCaseExecutor.java:285)
	at com.kms.katalon.core.common.CommonExecutor.accessTestCaseMainPhase(CommonExecutor.java:65)
	at com.kms.katalon.core.main.TestSuiteExecutor.accessTestSuiteMainPhase(TestSuiteExecutor.java:148)
	at com.kms.katalon.core.main.TestSuiteExecutor.execute(TestSuiteExecutor.java:106)
	at com.kms.katalon.core.main.TestCaseMain.startTestSuite(TestCaseMain.java:187)
	at TempTestSuite1699458622452.run(TempTestSuite1699458622452.groovy:36)
	at java.base/jdk.internal.reflect.NativeMethodAccessorImpl.invoke0(Native Method)
	at java.base/jdk.internal.reflect.NativeMethodAccessorImpl.invoke(NativeMethodAccessorImpl.java:77)
	at java.base/jdk.internal.reflect.DelegatingMethodAccessorImpl.invoke(DelegatingMethodAccessorImpl.java:43)
Caused by: java.lang.IllegalArgumentException: Text is null
	at com.kms.katalon.core.webui.keyword.builtin.SetTextKeyword$_setText_closure1.doCall(SetTextKeyword.groovy:48)
	at com.kms.katalon.core.webui.keyword.builtin.SetTextKeyword$_setText_closure1.call(SetTextKeyword.groovy)
	at com.kms.katalon.core.webui.keyword.internal.WebUIKeywordMain.runKeyword(WebUIKeywordMain.groovy:20)
	at com.kms.katalon.core.webui.keyword.builtin.SetTextKeyword.setText(SetTextKeyword.groovy:66)
	at com.kms.katalon.core.webui.keyword.builtin.SetTextKeyword.execute(SetTextKeyword.groovy:37)
	at com.kms.katalon.core.keyword.internal.KeywordExecutor.executeKeywordForPlatform(KeywordExecutor.groovy:74)
	at com.kms.katalon.core.webui.keyword.WebUiBuiltInKeywords.setText(WebUiBuiltInKeywords.groovy:980)
	at Script1698671419553.run(Script1698671419553.groovy:22)
	... 15 more
)
	at com.kms.katalon.core.keyword.internal.KeywordMain.stepFailed(KeywordMain.groovy:39)
	at com.kms.katalon.core.webui.keyword.internal.WebUIKeywordMain.stepFailed(WebUIKeywordMain.groovy:64)
	at com.kms.katalon.core.webui.keyword.internal.WebUIKeywordMain.runKeyword(WebUIKeywordMain.groovy:26)
	at com.kms.katalon.core.webui.keyword.builtin.SetTextKeyword.setText(SetTextKeyword.groovy:66)
	at com.kms.katalon.core.webui.keyword.builtin.SetTextKeyword.execute(SetTextKeyword.groovy:37)
	at com.kms.katalon.core.keyword.internal.KeywordExecutor.executeKeywordForPlatform(KeywordExecutor.groovy:74)
	at com.kms.katalon.core.webui.keyword.WebUiBuiltInKeywords.setText(WebUiBuiltInKeywords.groovy:980)
	at Login.run(Login:22)
	at com.kms.katalon.core.main.ScriptEngine.run(ScriptEngine.java:194)
	at com.kms.katalon.core.main.ScriptEngine.runScriptAsRawText(ScriptEngine.java:119)
	at com.kms.katalon.core.main.TestCaseExecutor.runScript(TestCaseExecutor.java:448)
	at com.kms.katalon.core.main.TestCaseExecutor.doExecute(TestCaseExecutor.java:439)
	at com.kms.katalon.core.main.TestCaseExecutor.processExecutionPhase(TestCaseExecutor.java:418)
	at com.kms.katalon.core.main.TestCaseExecutor.accessMainPhase(TestCaseExecutor.java:410)
	at com.kms.katalon.core.main.TestCaseExecutor.execute(TestCaseExecutor.java:285)
	at com.kms.katalon.core.common.CommonExecutor.accessTestCaseMainPhase(CommonExecutor.java:65)
	at com.kms.katalon.core.main.TestSuiteExecutor.accessTestSuiteMainPhase(TestSuiteExecutor.java:148)
	at com.kms.katalon.core.main.TestSuiteExecutor.execute(TestSuiteExecutor.java:106)
	at com.kms.katalon.core.main.TestCaseMain.startTestSuite(TestCaseMain.java:187)
	at TempTestSuite1699458622452.run(TempTestSuite1699458622452.groovy:36)
	at java.base/jdk.internal.reflect.NativeMethodAccessorImpl.invoke0(Native Method)
	at java.base/jdk.internal.reflect.NativeMethodAccessorImpl.invoke(NativeMethodAccessorImpl.java:77)
	at java.base/jdk.internal.reflect.DelegatingMethodAccessorImpl.invoke(DelegatingMethodAccessorImpl.java:43)
Caused by: com.kms.katalon.core.exception.StepFailedException: Unable to set text 'null' of object 'Object Repository/Page_ParaBank  Welcome  Online Banking/txtUsername'
	... 22 more
Caused by: java.lang.IllegalArgumentException: Text is null
	at com.kms.katalon.core.webui.keyword.builtin.SetTextKeyword$_setText_closure1.doCall(SetTextKeyword.groovy:48)
	at com.kms.katalon.core.webui.keyword.builtin.SetTextKeyword$_setText_closure1.call(SetTextKeyword.groovy)
	at com.kms.katalon.core.webui.keyword.internal.WebUIKeywordMain.runKeyword(WebUIKeywordMain.groovy:20)
	... 20 more]]></system-err>
   </testsuite>
</testsuites>
